
2024-11-30 04:10:58 | ΗΑ·ΉΐΜ17063 | 2049731 (x100)Έ¦ ΎΖΐΜΕΫ Έν·ΙΎξΈ¦ ΕλΗΨ Ύςΐ½.

2024-11-30 04:12:40 | ΗΑ·ΉΐΜ17063 | 2049762 (x100)Έ¦ ΎΖΐΜΕΫ Έν·ΙΎξΈ¦ ΕλΗΨ Ύςΐ½.

2024-11-30 03:59:54 | ΗΑ·ΉΐΜ17063 | 4310229 (x3000)Έ¦ ΎΖΐΜΕΫ Έν·ΙΎξΈ¦ ΕλΗΨ Ύςΐ½.

2024-11-30 04:01:35 | ΗΑ·ΉΐΜ17063 | 1212120 (x1)Έ¦ ΎΖΐΜΕΫ Έν·ΙΎξΈ¦ ΕλΗΨ Ύςΐ½.

2024-11-30 04:03:55 | ΗΑ·ΉΐΜ17063 | 1212131 (x1)Έ¦ ΎΖΐΜΕΫ Έν·ΙΎξΈ¦ ΕλΗΨ Ύςΐ½.

2024-11-30 04:45:45 | ΗΑ·ΉΐΜ17063 | 4310218 (x20)Έ¦ ΎΖΐΜΕΫ Έν·ΙΎξΈ¦ ΕλΗΨ Ύςΐ½.

2024-11-30 04:46:03 | ΗΑ·ΉΐΜ17063 | 4310218 (x4)Έ¦ ΎΖΐΜΕΫ Έν·ΙΎξΈ¦ ΕλΗΨ Ύςΐ½.

2024-11-30 05:31:22 | ΗΑ·ΉΐΜ17063 | 2439869 (x100)Έ¦ ΎΖΐΜΕΫ Έν·ΙΎξΈ¦ ΕλΗΨ Ύςΐ½.

2024-11-30 05:32:07 | ΗΑ·ΉΐΜ17063 | 2435719 (x100)Έ¦ ΎΖΐΜΕΫ Έν·ΙΎξΈ¦ ΕλΗΨ Ύςΐ½.

2024-11-30 05:35:17 | ΗΑ·ΉΐΜ17063 | 2435719 (x100)Έ¦ ΎΖΐΜΕΫ Έν·ΙΎξΈ¦ ΕλΗΨ Ύςΐ½.

2024-11-30 05:36:51 | ΗΑ·ΉΐΜ17063 | 2435719 (x100)Έ¦ ΎΖΐΜΕΫ Έν·ΙΎξΈ¦ ΕλΗΨ Ύςΐ½.

2024-11-30 07:44:59 | ΗΑ·ΉΐΜ17063 | 2049153 (x999)Έ¦ ΎΖΐΜΕΫ Έν·ΙΎξΈ¦ ΕλΗΨ Ύςΐ½.

2024-11-30 07:52:40 | ΗΑ·ΉΐΜ17063 | 1113055 (x1)Έ¦ ΎΖΐΜΕΫ Έν·ΙΎξΈ¦ ΕλΗΨ Ύςΐ½.

2024-11-30 07:54:19 | ΗΑ·ΉΐΜ17063 | 2702006 (x1)Έ¦ ΎΖΐΜΕΫ Έν·ΙΎξΈ¦ ΕλΗΨ Ύςΐ½.

2024-11-30 07:57:30 | ΗΑ·ΉΐΜ17063 | 2702004 (x1)Έ¦ ΎΖΐΜΕΫ Έν·ΙΎξΈ¦ ΕλΗΨ Ύςΐ½.

2024-11-30 07:57:53 | ΗΑ·ΉΐΜ17063 | 2702008 (x1)Έ¦ ΎΖΐΜΕΫ Έν·ΙΎξΈ¦ ΕλΗΨ Ύςΐ½.

2024-11-30 07:58:30 | ΗΑ·ΉΐΜ17063 | 5062800 (x1)Έ¦ ΎΖΐΜΕΫ Έν·ΙΎξΈ¦ ΕλΗΨ Ύςΐ½.

2024-11-30 07:58:48 | ΗΑ·ΉΐΜ17063 | 2702000 (x1)Έ¦ ΎΖΐΜΕΫ Έν·ΙΎξΈ¦ ΕλΗΨ Ύςΐ½.

2024-11-30 07:59:09 | ΗΑ·ΉΐΜ17063 | 5062800 (x1)Έ¦ ΎΖΐΜΕΫ Έν·ΙΎξΈ¦ ΕλΗΨ Ύςΐ½.

2024-11-30 07:59:11 | ΗΑ·ΉΐΜ17063 | 5062800 (x1)Έ¦ ΎΖΐΜΕΫ Έν·ΙΎξΈ¦ ΕλΗΨ Ύςΐ½.

2024-11-30 07:59:11 | ΗΑ·ΉΐΜ17063 | 5062800 (x1)Έ¦ ΎΖΐΜΕΫ Έν·ΙΎξΈ¦ ΕλΗΨ Ύςΐ½.

2024-12-01 04:02:49 | ΗΑ·ΉΐΜ17063 | 4310007 (x1)Έ¦ ΎΖΐΜΕΫ Έν·ΙΎξΈ¦ ΕλΗΨ Ύςΐ½.

2024-12-01 04:04:32 | ΗΑ·ΉΐΜ17063 | 4031788 (x200)Έ¦ ΎΖΐΜΕΫ Έν·ΙΎξΈ¦ ΕλΗΨ Ύςΐ½.

2024-12-01 04:04:58 | ΗΑ·ΉΐΜ17063 | 4031788 (x200)Έ¦ ΎΖΐΜΕΫ Έν·ΙΎξΈ¦ ΕλΗΨ Ύςΐ½.

2024-12-09 02:57:41 | ½γΔέ | 2431157 (x30000)Έ¦ ΎΖΐΜΕΫ Έν·ΙΎξΈ¦ ΕλΗΨ Ύςΐ½.

2024-12-09 02:57:47 | ½γΔέ | 2431157 (x30000)Έ¦ ΎΖΐΜΕΫ Έν·ΙΎξΈ¦ ΕλΗΨ Ύςΐ½.

2024-12-09 02:57:47 | ½γΔέ | 2431157 (x30000)Έ¦ ΎΖΐΜΕΫ Έν·ΙΎξΈ¦ ΕλΗΨ Ύςΐ½.

2024-12-09 02:57:54 | ½γΔέ | 2431157 (x30000)Έ¦ ΎΖΐΜΕΫ Έν·ΙΎξΈ¦ ΕλΗΨ Ύςΐ½.

2024-12-09 02:58:24 | ½γΔέ | 2431157 (x30000)Έ¦ ΎΖΐΜΕΫ Έν·ΙΎξΈ¦ ΕλΗΨ Ύςΐ½.

2024-12-09 03:02:26 | ½γΔέ | 2437157 (x1)Έ¦ ΎΖΐΜΕΫ Έν·ΙΎξΈ¦ ΕλΗΨ Ύςΐ½.

2024-12-09 03:02:35 | ½γΔέ | 2431157 (x1)Έ¦ ΎΖΐΜΕΫ Έν·ΙΎξΈ¦ ΕλΗΨ Ύςΐ½.

2024-12-09 03:10:49 | ½γΔέ | 2431157 (x1)Έ¦ ΎΖΐΜΕΫ Έν·ΙΎξΈ¦ ΕλΗΨ Ύςΐ½.

2024-12-09 03:10:59 | ½γΔέ | 2431157 (x100)Έ¦ ΎΖΐΜΕΫ Έν·ΙΎξΈ¦ ΕλΗΨ Ύςΐ½.

2024-12-09 03:13:48 | ½γΔέ | 1112173 (x1)Έ¦ ΎΖΐΜΕΫ Έν·ΙΎξΈ¦ ΕλΗΨ Ύςΐ½.

2024-12-09 03:16:17 | ½γΔέ | 1112908 (x1)Έ¦ ΎΖΐΜΕΫ Έν·ΙΎξΈ¦ ΕλΗΨ Ύςΐ½.

2024-12-09 03:16:17 | ½γΔέ | 1112908 (x1)Έ¦ ΎΖΐΜΕΫ Έν·ΙΎξΈ¦ ΕλΗΨ Ύςΐ½.

2024-12-09 03:16:18 | ½γΔέ | 1112908 (x1)Έ¦ ΎΖΐΜΕΫ Έν·ΙΎξΈ¦ ΕλΗΨ Ύςΐ½.

2024-12-09 03:19:47 | ½γΔέ | 2630969 (x1)Έ¦ ΎΖΐΜΕΫ Έν·ΙΎξΈ¦ ΕλΗΨ Ύςΐ½.

2024-12-09 03:19:51 | ½γΔέ | 2630969 (x1)Έ¦ ΎΖΐΜΕΫ Έν·ΙΎξΈ¦ ΕλΗΨ Ύςΐ½.

2024-12-09 03:24:19 | ½γΔέ | 1382265 (x1)Έ¦ ΎΖΐΜΕΫ Έν·ΙΎξΈ¦ ΕλΗΨ Ύςΐ½.

2024-12-09 03:26:29 | ½γΔέ | 1382265 (x1)Έ¦ ΎΖΐΜΕΫ Έν·ΙΎξΈ¦ ΕλΗΨ Ύςΐ½.

2024-12-09 04:15:18 | ½γΔέ | 1662002 (x1)Έ¦ ΎΖΐΜΕΫ Έν·ΙΎξΈ¦ ΕλΗΨ Ύςΐ½.

2024-12-09 04:15:27 | ½γΔέ | 1672086 (x1)Έ¦ ΎΖΐΜΕΫ Έν·ΙΎξΈ¦ ΕλΗΨ Ύςΐ½.

2024-12-09 04:21:18 | ½γΔέ | 2432636 (x1)Έ¦ ΎΖΐΜΕΫ Έν·ΙΎξΈ¦ ΕλΗΨ Ύςΐ½.

2024-12-09 04:21:36 | ½γΔέ | 2432657 (x1)Έ¦ ΎΖΐΜΕΫ Έν·ΙΎξΈ¦ ΕλΗΨ Ύςΐ½.

2024-12-09 04:21:58 | ½γΔέ | 2637040 (x1)Έ¦ ΎΖΐΜΕΫ Έν·ΙΎξΈ¦ ΕλΗΨ Ύςΐ½.

2024-12-09 04:22:11 | ½γΔέ | 2435222 (x1)Έ¦ ΎΖΐΜΕΫ Έν·ΙΎξΈ¦ ΕλΗΨ Ύςΐ½.

2024-12-10 01:57:07 | ΎΖΎΖΎΖ½Γ | 1803085 (x1)Έ¦ ΎΖΐΜΕΫ Έν·ΙΎξΈ¦ ΕλΗΨ Ύςΐ½.

2024-12-10 01:57:10 | ΎΖΎΖΎΖ½Γ | 1662225 (x1)Έ¦ ΎΖΐΜΕΫ Έν·ΙΎξΈ¦ ΕλΗΨ Ύςΐ½.

2024-12-10 01:57:13 | ΎΖΎΖΎΖ½Γ | 1054199 (x1)Έ¦ ΎΖΐΜΕΫ Έν·ΙΎξΈ¦ ΕλΗΨ Ύςΐ½.

2024-12-10 01:57:16 | ΎΖΎΖΎΖ½Γ | 1073962 (x1)Έ¦ ΎΖΐΜΕΫ Έν·ΙΎξΈ¦ ΕλΗΨ Ύςΐ½.

2024-12-10 01:57:24 | ΎΖΎΖΎΖ½Γ | 1703528 (x1)Έ¦ ΎΖΐΜΕΫ Έν·ΙΎξΈ¦ ΕλΗΨ Ύςΐ½.

2024-12-10 01:57:32 | ΎΖΎΖΎΖ½Γ | 1022344 (x1)Έ¦ ΎΖΐΜΕΫ Έν·ΙΎξΈ¦ ΕλΗΨ Ύςΐ½.

2024-12-10 01:57:35 | ΎΖΎΖΎΖ½Γ | 1143372 (x1)Έ¦ ΎΖΐΜΕΫ Έν·ΙΎξΈ¦ ΕλΗΨ Ύςΐ½.

2024-12-10 01:57:37 | ΎΖΎΖΎΖ½Γ | 5002732 (x1)Έ¦ ΎΖΐΜΕΫ Έν·ΙΎξΈ¦ ΕλΗΨ Ύςΐ½.

2024-12-10 01:58:40 | ΎΖΎΖΎΖ½Γ | 1672007 (x1)Έ¦ ΎΖΐΜΕΫ Έν·ΙΎξΈ¦ ΕλΗΨ Ύςΐ½.

2024-12-10 01:59:58 | ΎΖΎΖΎΖ½Γ | 2634282 (x1)Έ¦ ΎΖΐΜΕΫ Έν·ΙΎξΈ¦ ΕλΗΨ Ύςΐ½.

2024-12-10 03:32:34 | ΎΖΎΖΎΖ½Γ | 5000930 (x1)Έ¦ ΎΖΐΜΕΫ Έν·ΙΎξΈ¦ ΕλΗΨ Ύςΐ½.

2024-12-11 01:59:12 | ΉέΗΟ³Ι | 4080006 (x1)Έ¦ ΎΖΐΜΕΫ Έν·ΙΎξΈ¦ ΕλΗΨ Ύςΐ½.

2024-12-11 04:12:48 | ΉέΗΟ³Ι | 1704002 (x1)Έ¦ ΎΖΐΜΕΫ Έν·ΙΎξΈ¦ ΕλΗΨ Ύςΐ½.

2024-12-11 04:22:14 | ΉέΗΟ³Ι | 1079998 (x1)Έ¦ ΎΖΐΜΕΫ Έν·ΙΎξΈ¦ ΕλΗΨ Ύςΐ½.

2024-12-11 04:22:54 | ΉέΗΟ³Ι | 1382999 (x1)Έ¦ ΎΖΐΜΕΫ Έν·ΙΎξΈ¦ ΕλΗΨ Ύςΐ½.

2024-12-11 04:23:24 | ΉέΗΟ³Ι | 1113994 (x1)Έ¦ ΎΖΐΜΕΫ Έν·ΙΎξΈ¦ ΕλΗΨ Ύςΐ½.

2024-12-11 04:26:47 | ΉέΗΟ³Ι | 1143430 (x1)Έ¦ ΎΖΐΜΕΫ Έν·ΙΎξΈ¦ ΕλΗΨ Ύςΐ½.

2024-12-11 01:22:50 | ½γΔέ | 1143372 (x1)Έ¦ ΎΖΐΜΕΫ Έν·ΙΎξΈ¦ ΕλΗΨ Ύςΐ½.

2024-12-11 01:34:16 | ½γΔέ | 2591720 (x1)Έ¦ ΎΖΐΜΕΫ Έν·ΙΎξΈ¦ ΕλΗΨ Ύςΐ½.

2024-12-11 01:34:53 | ½γΔέ | 2590010 (x1)Έ¦ ΎΖΐΜΕΫ Έν·ΙΎξΈ¦ ΕλΗΨ Ύςΐ½.

2024-12-11 01:53:33 | ΉέΗΟ³Ι | 2438378 (x1)Έ¦ ΎΖΐΜΕΫ Έν·ΙΎξΈ¦ ΕλΗΨ Ύςΐ½.

2024-12-11 03:34:08 | ½γΔέ | 2635535 (x1)Έ¦ ΎΖΐΜΕΫ Έν·ΙΎξΈ¦ ΕλΗΨ Ύςΐ½.

2024-12-11 03:34:24 | ½γΔέ | 2439394 (x1)Έ¦ ΎΖΐΜΕΫ Έν·ΙΎξΈ¦ ΕλΗΨ Ύςΐ½.

2024-12-11 03:43:04 | Ί¥Γχ | 2635914 (x1)Έ¦ ΎΖΐΜΕΫ Έν·ΙΎξΈ¦ ΕλΗΨ Ύςΐ½.

2024-12-11 03:43:15 | Ί¥Γχ | 2438925 (x1)Έ¦ ΎΖΐΜΕΫ Έν·ΙΎξΈ¦ ΕλΗΨ Ύςΐ½.

2024-12-11 03:56:13 | Ζ΄υ | 2438871 (x1)Έ¦ ΎΖΐΜΕΫ Έν·ΙΎξΈ¦ ΕλΗΨ Ύςΐ½.

2024-12-11 03:56:40 | Ζ΄υ | 2432659 (x1)Έ¦ ΎΖΐΜΕΫ Έν·ΙΎξΈ¦ ΕλΗΨ Ύςΐ½.

2024-12-11 03:56:48 | Ζ΄υ | 2438179 (x1)Έ¦ ΎΖΐΜΕΫ Έν·ΙΎξΈ¦ ΕλΗΨ Ύςΐ½.

2024-12-11 03:57:11 | Ζ΄υ | 2439401 (x1)Έ¦ ΎΖΐΜΕΫ Έν·ΙΎξΈ¦ ΕλΗΨ Ύςΐ½.

2024-12-11 06:37:55 | ΉέΗΟ³Ι | 2438872 (x1)Έ¦ ΎΖΐΜΕΫ Έν·ΙΎξΈ¦ ΕλΗΨ Ύςΐ½.

2024-12-11 06:43:15 | ΉέΗΟ³Ι | 2634282 (x1)Έ¦ ΎΖΐΜΕΫ Έν·ΙΎξΈ¦ ΕλΗΨ Ύςΐ½.

2024-12-11 06:45:52 | ΉέΗΟ³Ι | 2438159 (x1)Έ¦ ΎΖΐΜΕΫ Έν·ΙΎξΈ¦ ΕλΗΨ Ύςΐ½.

2024-12-11 07:18:15 | ΗΑ·ΉΐΜ90654 | 5680473 (x1)Έ¦ ΎΖΐΜΕΫ Έν·ΙΎξΈ¦ ΕλΗΨ Ύςΐ½.

2024-12-11 07:18:27 | ΗΑ·ΉΐΜ90654 | 2435122 (x1)Έ¦ ΎΖΐΜΕΫ Έν·ΙΎξΈ¦ ΕλΗΨ Ύςΐ½.

2024-12-11 07:18:37 | ΗΑ·ΉΐΜ90654 | 2435513 (x1)Έ¦ ΎΖΐΜΕΫ Έν·ΙΎξΈ¦ ΕλΗΨ Ύςΐ½.

2024-12-11 07:18:49 | ΗΑ·ΉΐΜ90654 | 2436784 (x1)Έ¦ ΎΖΐΜΕΫ Έν·ΙΎξΈ¦ ΕλΗΨ Ύςΐ½.

2024-12-11 07:18:54 | ΗΑ·ΉΐΜ90654 | 2439631 (x1)Έ¦ ΎΖΐΜΕΫ Έν·ΙΎξΈ¦ ΕλΗΨ Ύςΐ½.

2024-12-11 07:38:56 | ΎΖΎΖΎΖ½Γ | 2438871 (x1)Έ¦ ΎΖΐΜΕΫ Έν·ΙΎξΈ¦ ΕλΗΨ Ύςΐ½.

2024-12-11 07:43:09 | ΎΖΎΖΎΖ | 2438871 (x1)Έ¦ ΎΖΐΜΕΫ Έν·ΙΎξΈ¦ ΕλΗΨ Ύςΐ½.

2024-12-11 07:43:13 | ΎΖΎΖΎΖ | 2439265 (x1)Έ¦ ΎΖΐΜΕΫ Έν·ΙΎξΈ¦ ΕλΗΨ Ύςΐ½.

2024-12-11 07:44:23 | ΎΖΎΖΎΖ½Γ | 2438871 (x1)Έ¦ ΎΖΐΜΕΫ Έν·ΙΎξΈ¦ ΕλΗΨ Ύςΐ½.

2024-12-11 07:44:30 | ΎΖΎΖΎΖ½Γ | 2438872 (x1)Έ¦ ΎΖΐΜΕΫ Έν·ΙΎξΈ¦ ΕλΗΨ Ύςΐ½.

2024-12-11 07:45:28 | ΎΖΎΖΎΖ½Γ | 2439337 (x1)Έ¦ ΎΖΐΜΕΫ Έν·ΙΎξΈ¦ ΕλΗΨ Ύςΐ½.

2024-12-11 07:46:30 | ΐΣ½Γ99745848 | 2431965 (x1)Έ¦ ΎΖΐΜΕΫ Έν·ΙΎξΈ¦ ΕλΗΨ Ύςΐ½.

2024-12-11 07:46:42 | ΐΣ½Γ99745848 | 2438159 (x1)Έ¦ ΎΖΐΜΕΫ Έν·ΙΎξΈ¦ ΕλΗΨ Ύςΐ½.

2024-12-11 07:51:28 | ΐΣ½Γ99745848 | 2438258 (x1)Έ¦ ΎΖΐΜΕΫ Έν·ΙΎξΈ¦ ΕλΗΨ Ύςΐ½.

2024-12-11 07:51:34 | ΐΣ½Γ99745848 | 2438243 (x1)Έ¦ ΎΖΐΜΕΫ Έν·ΙΎξΈ¦ ΕλΗΨ Ύςΐ½.

2024-12-11 07:51:41 | ΐΣ½Γ99745848 | 2438199 (x1)Έ¦ ΎΖΐΜΕΫ Έν·ΙΎξΈ¦ ΕλΗΨ Ύςΐ½.

2024-12-11 07:51:49 | ΐΣ½Γ99745848 | 2437498 (x1)Έ¦ ΎΖΐΜΕΫ Έν·ΙΎξΈ¦ ΕλΗΨ Ύςΐ½.

2024-12-11 07:55:52 | ΐΣ½Γ99745848 | 2438191 (x1)Έ¦ ΎΖΐΜΕΫ Έν·ΙΎξΈ¦ ΕλΗΨ Ύςΐ½.

2024-12-11 07:55:59 | ΐΣ½Γ99745848 | 2436096 (x1)Έ¦ ΎΖΐΜΕΫ Έν·ΙΎξΈ¦ ΕλΗΨ Ύςΐ½.

2024-12-11 08:19:56 | ΎΖΎΖΎΖ½Γ | 2637519 (x1)Έ¦ ΎΖΐΜΕΫ Έν·ΙΎξΈ¦ ΕλΗΨ Ύςΐ½.

2024-12-11 08:20:06 | ΎΖΎΖΎΖ½Γ | 2439394 (x1)Έ¦ ΎΖΐΜΕΫ Έν·ΙΎξΈ¦ ΕλΗΨ Ύςΐ½.

2024-12-11 08:26:10 | ΎΖΎΖΎΖ½Γ | 2436182 (x1)Έ¦ ΎΖΐΜΕΫ Έν·ΙΎξΈ¦ ΕλΗΨ Ύςΐ½.

2024-12-11 11:04:09 | ΄Α΄λ | 2438871 (x1)Έ¦ ΎΖΐΜΕΫ Έν·ΙΎξΈ¦ ΕλΗΨ Ύςΐ½.

2024-12-11 11:08:51 | ΄Α΄λ | 1022997 (x1)Έ¦ ΎΖΐΜΕΫ Έν·ΙΎξΈ¦ ΕλΗΨ Ύςΐ½.

2024-12-12 09:59:17 | ΐΊΏω | 2438871 (x1)Έ¦ ΎΖΐΜΕΫ Έν·ΙΎξΈ¦ ΕλΗΨ Ύςΐ½.

2024-12-12 10:46:21 | ΘχΎξ·Ξ0 | 4310001 (x100)Έ¦ ΎΖΐΜΕΫ Έν·ΙΎξΈ¦ ΕλΗΨ Ύςΐ½.

2024-12-12 10:46:23 | ΘχΎξ·Ξ0 | 4310007 (x100)Έ¦ ΎΖΐΜΕΫ Έν·ΙΎξΈ¦ ΕλΗΨ Ύςΐ½.

2024-12-12 11:25:29 | ΘχΎξ·Ξ0 | 1054199 (x1)Έ¦ ΎΖΐΜΕΫ Έν·ΙΎξΈ¦ ΕλΗΨ Ύςΐ½.

2024-12-13 12:13:20 | ΉΉ°νΐΜ°Ε2 | 2439999 (x1)Έ¦ ΎΖΐΜΕΫ Έν·ΙΎξΈ¦ ΕλΗΨ Ύςΐ½.

2024-12-13 12:26:30 | ΉθΈή0 | 1352952 (x1)Έ¦ ΎΖΐΜΕΫ Έν·ΙΎξΈ¦ ΕλΗΨ Ύςΐ½.

2024-12-13 12:42:49 | ΘχΎξ·Ξ0 | 4009546 (x1000)Έ¦ ΎΖΐΜΕΫ Έν·ΙΎξΈ¦ ΕλΗΨ Ύςΐ½.

2024-12-13 12:42:52 | ΘχΎξ·Ξ0 | 4009547 (x1000)Έ¦ ΎΖΐΜΕΫ Έν·ΙΎξΈ¦ ΕλΗΨ Ύςΐ½.

2024-12-13 12:42:54 | ΘχΎξ·Ξ0 | 4009548 (x1000)Έ¦ ΎΖΐΜΕΫ Έν·ΙΎξΈ¦ ΕλΗΨ Ύςΐ½.

2024-12-13 12:43:45 | ΘχΎξ·Ξ0 | 2637338 (x1)Έ¦ ΎΖΐΜΕΫ Έν·ΙΎξΈ¦ ΕλΗΨ Ύςΐ½.

2024-12-13 12:46:44 | ΘχΎξ·Ξ0 | 2636656 (x1)Έ¦ ΎΖΐΜΕΫ Έν·ΙΎξΈ¦ ΕλΗΨ Ύςΐ½.

2024-12-13 12:46:52 | ΘχΎξ·Ξ0 | 2636656 (x100)Έ¦ ΎΖΐΜΕΫ Έν·ΙΎξΈ¦ ΕλΗΨ Ύςΐ½.

2024-12-13 04:12:12 | Θϊ·―·Ξ | 4310001 (x1000)Έ¦ ΎΖΐΜΕΫ Έν·ΙΎξΈ¦ ΕλΗΨ Ύςΐ½.

2024-12-13 04:12:23 | Θϊ·―·Ξ | 4310007 (x1000)Έ¦ ΎΖΐΜΕΫ Έν·ΙΎξΈ¦ ΕλΗΨ Ύςΐ½.

2024-12-13 08:07:12 | ΘχΎσ·Ρ | 2636656 (x1)Έ¦ ΎΖΐΜΕΫ Έν·ΙΎξΈ¦ ΕλΗΨ Ύςΐ½.

2024-12-13 08:07:19 | ΘχΎσ·Ρ | 4009547 (x1000)Έ¦ ΎΖΐΜΕΫ Έν·ΙΎξΈ¦ ΕλΗΨ Ύςΐ½.

2024-12-13 08:07:20 | ΘχΎσ·Ρ | 4009548 (x1000)Έ¦ ΎΖΐΜΕΫ Έν·ΙΎξΈ¦ ΕλΗΨ Ύςΐ½.

2024-12-14 03:42:36 | ΉΜΗΟΈπ | 1149002 (x1)Έ¦ ΎΖΐΜΕΫ Έν·ΙΎξΈ¦ ΕλΗΨ Ύςΐ½.

2024-12-14 03:43:03 | ΉΜΗΟΈπ | 1142263 (x1)Έ¦ ΎΖΐΜΕΫ Έν·ΙΎξΈ¦ ΕλΗΨ Ύςΐ½.

2024-12-15 01:50:28 | λ°ν•λƒ¥ | 2439572 (x1)λ¥Ό μ•„μ΄ν… λ…λ Ήμ–΄λ¥Ό ν†µν•΄ μ–»μ.

2024-12-15 02:47:08 | ΐόΕυ | 4000884 (x1)Έ¦ ΎΖΐΜΕΫ Έν·ΙΎξΈ¦ ΕλΗΨ Ύςΐ½.

2024-12-19 11:49:54 | μ—λ²„λΌ | 1143242 (x1)λ¥Ό μ•„μ΄ν… λ…λ Ήμ–΄λ¥Ό ν†µν•΄ μ–»μ.

2024-12-19 11:58:17 | μ—λ²„λΌ | 5010206 (x1)λ¥Ό μ•„μ΄ν… λ…λ Ήμ–΄λ¥Ό ν†µν•΄ μ–»μ.

2024-12-19 08:38:59 | Δ®¶σ | 2439036 (x1)Έ¦ ΎΖΐΜΕΫ Έν·ΙΎξΈ¦ ΕλΗΨ Ύςΐ½.

2024-12-19 08:41:31 | Δ®¶σ | 1054199 (x1)Έ¦ ΎΖΐΜΕΫ Έν·ΙΎξΈ¦ ΕλΗΨ Ύςΐ½.

2024-12-19 09:24:55 | Δ®¶σ | 4310320 (x1)Έ¦ ΎΖΐΜΕΫ Έν·ΙΎξΈ¦ ΕλΗΨ Ύςΐ½.

2024-12-19 09:25:03 | Δ®¶σ | 4310330 (x1)Έ¦ ΎΖΐΜΕΫ Έν·ΙΎξΈ¦ ΕλΗΨ Ύςΐ½.

2024-12-19 09:25:10 | Δ®¶σ | 4310321 (x1)Έ¦ ΎΖΐΜΕΫ Έν·ΙΎξΈ¦ ΕλΗΨ Ύςΐ½.

2024-12-20 01:04:55 | Δ®¶σ | 1143230 (x1)Έ¦ ΎΖΐΜΕΫ Έν·ΙΎξΈ¦ ΕλΗΨ Ύςΐ½.

2024-12-20 01:05:22 | Δ®¶σ | 1143232 (x1)Έ¦ ΎΖΐΜΕΫ Έν·ΙΎξΈ¦ ΕλΗΨ Ύςΐ½.

2024-12-20 01:05:44 | Δ®¶σ | 1143123 (x1)Έ¦ ΎΖΐΜΕΫ Έν·ΙΎξΈ¦ ΕλΗΨ Ύςΐ½.

2024-12-20 08:18:51 | Δ®¶σ | 1143135 (x1)Έ¦ ΎΖΐΜΕΫ Έν·ΙΎξΈ¦ ΕλΗΨ Ύςΐ½.

2024-12-20 08:19:05 | Δ®¶σ | 1143258 (x1)Έ¦ ΎΖΐΜΕΫ Έν·ΙΎξΈ¦ ΕλΗΨ Ύςΐ½.

2024-12-20 08:21:33 | Δ®¶σ | 1142376 (x1)Έ¦ ΎΖΐΜΕΫ Έν·ΙΎξΈ¦ ΕλΗΨ Ύςΐ½.

2024-12-20 08:22:42 | Δ®¶σ | 1142968 (x1)Έ¦ ΎΖΐΜΕΫ Έν·ΙΎξΈ¦ ΕλΗΨ Ύςΐ½.

2024-12-20 08:23:25 | Δ®¶σ | 1143229 (x1)Έ¦ ΎΖΐΜΕΫ Έν·ΙΎξΈ¦ ΕλΗΨ Ύςΐ½.

2024-12-20 08:32:16 | Δ®¶σ | 1143255 (x1)Έ¦ ΎΖΐΜΕΫ Έν·ΙΎξΈ¦ ΕλΗΨ Ύςΐ½.

2024-12-20 10:51:11 | ν…μ—μ¤νΈ | 2437851 (x1)λ¥Ό μ•„μ΄ν… λ…λ Ήμ–΄λ¥Ό ν†µν•΄ μ–»μ.

2024-12-21 12:02:54 | μΉΌλΌ | 4036166 (x1)λ¥Ό μ•„μ΄ν… λ…λ Ήμ–΄λ¥Ό ν†µν•΄ μ–»μ.

2024-12-21 12:13:38 | μΉΌλΌ | 4001895 (x1)λ¥Ό μ•„μ΄ν… λ…λ Ήμ–΄λ¥Ό ν†µν•΄ μ–»μ.

2024-12-21 12:57:30 | μΉΌλΌ | 4001895 (x100)λ¥Ό μ•„μ΄ν… λ…λ Ήμ–΄λ¥Ό ν†µν•΄ μ–»μ.

2024-12-21 02:01:44 | μΉΌλΌ | 4036166 (x1)λ¥Ό μ•„μ΄ν… λ…λ Ήμ–΄λ¥Ό ν†µν•΄ μ–»μ.

2024-12-21 02:04:15 | μΉΌλΌ | 4036166 (x1)λ¥Ό μ•„μ΄ν… λ…λ Ήμ–΄λ¥Ό ν†µν•΄ μ–»μ.

2024-12-21 02:08:30 | μΉΌλΌ | 4036166 (x1)λ¥Ό μ•„μ΄ν… λ…λ Ήμ–΄λ¥Ό ν†µν•΄ μ–»μ.

2024-12-21 04:36:17 | μΉΌλΌ | 4033334 (x1)λ¥Ό μ•„μ΄ν… λ…λ Ήμ–΄λ¥Ό ν†µν•΄ μ–»μ.

2024-12-21 04:36:33 | μΉΌλΌ | 4033334 (x100)λ¥Ό μ•„μ΄ν… λ…λ Ήμ–΄λ¥Ό ν†µν•΄ μ–»μ.

2024-12-21 04:47:33 | μΉΌλΌ | 4031274 (x1)λ¥Ό μ•„μ΄ν… λ…λ Ήμ–΄λ¥Ό ν†µν•΄ μ–»μ.

2024-12-21 04:47:34 | μΉΌλΌ | 4031275 (x1)λ¥Ό μ•„μ΄ν… λ…λ Ήμ–΄λ¥Ό ν†µν•΄ μ–»μ.

2024-12-21 04:47:35 | μΉΌλΌ | 4031276 (x1)λ¥Ό μ•„μ΄ν… λ…λ Ήμ–΄λ¥Ό ν†µν•΄ μ–»μ.

2024-12-21 04:47:36 | μΉΌλΌ | 4031277 (x1)λ¥Ό μ•„μ΄ν… λ…λ Ήμ–΄λ¥Ό ν†µν•΄ μ–»μ.

2024-12-21 04:47:37 | μΉΌλΌ | 4031278 (x1)λ¥Ό μ•„μ΄ν… λ…λ Ήμ–΄λ¥Ό ν†µν•΄ μ–»μ.

2024-12-21 05:15:30 | μ„μ‹94626049 | 2434311 (x1)λ¥Ό μ•„μ΄ν… λ…λ Ήμ–΄λ¥Ό ν†µν•΄ μ–»μ.

2024-12-21 05:18:20 | μ„μ‹94626049 | 2434311 (x1)λ¥Ό μ•„μ΄ν… λ…λ Ήμ–΄λ¥Ό ν†µν•΄ μ–»μ.

2024-12-21 05:57:23 | μ„μ‹94626049 | 3015394 (x1)λ¥Ό μ•„μ΄ν… λ…λ Ήμ–΄λ¥Ό ν†µν•΄ μ–»μ.

2024-12-21 06:06:30 | μΉΌλΌ | 3015394 (x1)λ¥Ό μ•„μ΄ν… λ…λ Ήμ–΄λ¥Ό ν†µν•΄ μ–»μ.

2024-12-21 06:06:51 | μΉΌλΌ | 4035000 (x1)λ¥Ό μ•„μ΄ν… λ…λ Ήμ–΄λ¥Ό ν†µν•΄ μ–»μ.

2024-12-21 06:06:52 | μΉΌλΌ | 4035000 (x1)λ¥Ό μ•„μ΄ν… λ…λ Ήμ–΄λ¥Ό ν†µν•΄ μ–»μ.

2024-12-21 06:12:14 | μΉΌλΌ | 3015394 (x1)λ¥Ό μ•„μ΄ν… λ…λ Ήμ–΄λ¥Ό ν†µν•΄ μ–»μ.

2024-12-21 06:12:26 | μΉΌλΌ | 4035000 (x1)λ¥Ό μ•„μ΄ν… λ…λ Ήμ–΄λ¥Ό ν†µν•΄ μ–»μ.

2024-12-21 06:14:45 | μΉΌλΌ | 4035000 (x1)λ¥Ό μ•„μ΄ν… λ…λ Ήμ–΄λ¥Ό ν†µν•΄ μ–»μ.

2024-12-21 06:16:16 | μΉΌλΌ | 2431004 (x1)λ¥Ό μ•„μ΄ν… λ…λ Ήμ–΄λ¥Ό ν†µν•΄ μ–»μ.

2024-12-21 06:16:57 | μΉΌλΌ | 3801250 (x1)λ¥Ό μ•„μ΄ν… λ…λ Ήμ–΄λ¥Ό ν†µν•΄ μ–»μ.

2024-12-21 06:17:02 | μΉΌλΌ | 3801250 (x1)λ¥Ό μ•„μ΄ν… λ…λ Ήμ–΄λ¥Ό ν†µν•΄ μ–»μ.

2024-12-21 06:17:05 | μΉΌλΌ | 2431004 (x1)λ¥Ό μ•„μ΄ν… λ…λ Ήμ–΄λ¥Ό ν†µν•΄ μ–»μ.

2024-12-21 06:17:08 | μΉΌλΌ | 3801250 (x1)λ¥Ό μ•„μ΄ν… λ…λ Ήμ–΄λ¥Ό ν†µν•΄ μ–»μ.

2024-12-21 06:17:09 | μΉΌλΌ | 3801250 (x1)λ¥Ό μ•„μ΄ν… λ…λ Ήμ–΄λ¥Ό ν†µν•΄ μ–»μ.

2024-12-21 06:17:09 | μΉΌλΌ | 3801250 (x1)λ¥Ό μ•„μ΄ν… λ…λ Ήμ–΄λ¥Ό ν†µν•΄ μ–»μ.

2024-12-21 06:18:45 | μΉΌλΌ | 3801251 (x1)λ¥Ό μ•„μ΄ν… λ…λ Ήμ–΄λ¥Ό ν†µν•΄ μ–»μ.

2024-12-21 06:18:57 | μΉΌλΌ | 3994745 (x1)λ¥Ό μ•„μ΄ν… λ…λ Ήμ–΄λ¥Ό ν†µν•΄ μ–»μ.

2024-12-21 06:19:06 | μΉΌλΌ | 3994742 (x1)λ¥Ό μ•„μ΄ν… λ…λ Ήμ–΄λ¥Ό ν†µν•΄ μ–»μ.

2024-12-21 06:19:18 | μΉΌλΌ | 4036612 (x1)λ¥Ό μ•„μ΄ν… λ…λ Ήμ–΄λ¥Ό ν†µν•΄ μ–»μ.

2024-12-21 06:19:37 | μΉΌλΌ | 3801255 (x1)λ¥Ό μ•„μ΄ν… λ…λ Ήμ–΄λ¥Ό ν†µν•΄ μ–»μ.

2024-12-21 06:22:28 | μΉΌλΌ | 2435719 (x1)λ¥Ό μ•„μ΄ν… λ…λ Ήμ–΄λ¥Ό ν†µν•΄ μ–»μ.

2024-12-21 06:46:49 | μΉΌλΌ | 2439614 (x1)λ¥Ό μ•„μ΄ν… λ…λ Ήμ–΄λ¥Ό ν†µν•΄ μ–»μ.

2024-12-21 07:04:18 | μΉΌλΌ | 2430886 (x1)λ¥Ό μ•„μ΄ν… λ…λ Ήμ–΄λ¥Ό ν†µν•΄ μ–»μ.

2024-12-21 07:04:32 | μΉΌλΌ | 2430043 (x1)λ¥Ό μ•„μ΄ν… λ…λ Ήμ–΄λ¥Ό ν†µν•΄ μ–»μ.

2024-12-21 07:06:10 | μΉΌλΌ | 2450064 (x1)λ¥Ό μ•„μ΄ν… λ…λ Ήμ–΄λ¥Ό ν†µν•΄ μ–»μ.

2024-12-21 08:41:46 | μΉΌλΌ | 3801250 (x1)λ¥Ό μ•„μ΄ν… λ…λ Ήμ–΄λ¥Ό ν†µν•΄ μ–»μ.

2024-12-21 08:42:15 | μΉΌλΌ | 3801250 (x1)λ¥Ό μ•„μ΄ν… λ…λ Ήμ–΄λ¥Ό ν†µν•΄ μ–»μ.

2024-12-21 08:43:27 | μΉΌλΌ | 3801274 (x10)λ¥Ό μ•„μ΄ν… λ…λ Ήμ–΄λ¥Ό ν†µν•΄ μ–»μ.

2024-12-21 08:43:52 | μΉΌλΌ | 3801275 (x1)λ¥Ό μ•„μ΄ν… λ…λ Ήμ–΄λ¥Ό ν†µν•΄ μ–»μ.

2024-12-21 08:44:08 | μΉΌλΌ | 3801275 (x1)λ¥Ό μ•„μ΄ν… λ…λ Ήμ–΄λ¥Ό ν†µν•΄ μ–»μ.

2024-12-21 08:44:17 | μΉΌλΌ | 3801275 (x1)λ¥Ό μ•„μ΄ν… λ…λ Ήμ–΄λ¥Ό ν†µν•΄ μ–»μ.

2024-12-21 08:44:19 | μΉΌλΌ | 3801275 (x1)λ¥Ό μ•„μ΄ν… λ…λ Ήμ–΄λ¥Ό ν†µν•΄ μ–»μ.

2024-12-21 08:44:20 | μΉΌλΌ | 3801275 (x1)λ¥Ό μ•„μ΄ν… λ…λ Ήμ–΄λ¥Ό ν†µν•΄ μ–»μ.

2024-12-21 08:44:35 | μΉΌλΌ | 3801277 (x1)λ¥Ό μ•„μ΄ν… λ…λ Ήμ–΄λ¥Ό ν†µν•΄ μ–»μ.

2024-12-21 08:44:44 | μΉΌλΌ | 3801277 (x1)λ¥Ό μ•„μ΄ν… λ…λ Ήμ–΄λ¥Ό ν†µν•΄ μ–»μ.

2024-12-21 09:14:08 | μΉΌλΌ | 4310306 (x1)λ¥Ό μ•„μ΄ν… λ…λ Ήμ–΄λ¥Ό ν†µν•΄ μ–»μ.

2024-12-21 09:16:58 | μΉΌλΌ | 4310313 (x1)λ¥Ό μ•„μ΄ν… λ…λ Ήμ–΄λ¥Ό ν†µν•΄ μ–»μ.

2024-12-21 09:56:32 | μΉΌλΌ | 4310320 (x1)λ¥Ό μ•„μ΄ν… λ…λ Ήμ–΄λ¥Ό ν†µν•΄ μ–»μ.

2024-12-21 10:01:51 | μΉΌλΌ | 4310325 (x1)λ¥Ό μ•„μ΄ν… λ…λ Ήμ–΄λ¥Ό ν†µν•΄ μ–»μ.

2024-12-21 11:21:27 | μΉΌλΌ | 2431940 (x1)λ¥Ό μ•„μ΄ν… λ…λ Ήμ–΄λ¥Ό ν†µν•΄ μ–»μ.

2024-12-21 11:49:11 | μΉΌλΌ | 4033235 (x1)λ¥Ό μ•„μ΄ν… λ…λ Ήμ–΄λ¥Ό ν†µν•΄ μ–»μ.

2024-12-21 12:29:12 | μΉΌλΌ | 4310001 (x1)λ¥Ό μ•„μ΄ν… λ…λ Ήμ–΄λ¥Ό ν†µν•΄ μ–»μ.

2024-12-21 12:29:14 | μΉΌλΌ | 4310007 (x2000)λ¥Ό μ•„μ΄ν… λ…λ Ήμ–΄λ¥Ό ν†µν•΄ μ–»μ.

2024-12-21 12:29:16 | μΉΌλΌ | 4310001 (x2000)λ¥Ό μ•„μ΄ν… λ…λ Ήμ–΄λ¥Ό ν†µν•΄ μ–»μ.

2024-12-21 12:29:37 | μΉΌλΌ | 4310001 (x30000)λ¥Ό μ•„μ΄ν… λ…λ Ήμ–΄λ¥Ό ν†µν•΄ μ–»μ.

2024-12-21 12:29:48 | μΉΌλΌ | 4310007 (x20000)λ¥Ό μ•„μ΄ν… λ…λ Ήμ–΄λ¥Ό ν†µν•΄ μ–»μ.

2024-12-21 03:18:52 | μΉΌλΌ | 4310266 (x1)λ¥Ό μ•„μ΄ν… λ…λ Ήμ–΄λ¥Ό ν†µν•΄ μ–»μ.

2024-12-21 03:56:13 | μΉΌλΌ | 4001760 (x1)λ¥Ό μ•„μ΄ν… λ…λ Ήμ–΄λ¥Ό ν†µν•΄ μ–»μ.

2024-12-21 03:56:32 | μΉΌλΌ | 4001394 (x1)λ¥Ό μ•„μ΄ν… λ…λ Ήμ–΄λ¥Ό ν†µν•΄ μ–»μ.

2024-12-21 03:56:38 | μΉΌλΌ | 1353607 (x1)λ¥Ό μ•„μ΄ν… λ…λ Ήμ–΄λ¥Ό ν†µν•΄ μ–»μ.

2024-12-21 05:17:38 | μΉΌλΌ | 2431157 (x1)λ¥Ό μ•„μ΄ν… λ…λ Ήμ–΄λ¥Ό ν†µν•΄ μ–»μ.

2024-12-21 05:17:54 | μΉΌλΌ | 2431157 (x1)λ¥Ό μ•„μ΄ν… λ…λ Ήμ–΄λ¥Ό ν†µν•΄ μ–»μ.

2024-12-21 05:18:11 | μΉΌλΌ | 2431157 (x1)λ¥Ό μ•„μ΄ν… λ…λ Ήμ–΄λ¥Ό ν†µν•΄ μ–»μ.

2024-12-21 08:05:38 | μΉΌλΌ | 4319999 (x1)λ¥Ό μ•„μ΄ν… λ…λ Ήμ–΄λ¥Ό ν†µν•΄ μ–»μ.

2024-12-21 08:05:54 | μΉΌλΌ | 2431157 (x1)λ¥Ό μ•„μ΄ν… λ…λ Ήμ–΄λ¥Ό ν†µν•΄ μ–»μ.

2024-12-21 08:06:08 | μΉΌλΌ | 4319998 (x1)λ¥Ό μ•„μ΄ν… λ…λ Ήμ–΄λ¥Ό ν†µν•΄ μ–»μ.

2024-12-21 10:50:14 | ΐ¶ΐ¶ | 1143372 (x1)Έ¦ ΎΖΐΜΕΫ Έν·ΙΎξΈ¦ ΕλΗΨ Ύςΐ½.

2024-12-22 12:27:08 | ΐό»η | 4001716 (x100)Έ¦ ΎΖΐΜΕΫ Έν·ΙΎξΈ¦ ΕλΗΨ Ύςΐ½.

2024-12-22 12:27:54 | ΐό»η | 2435719 (x1)Έ¦ ΎΖΐΜΕΫ Έν·ΙΎξΈ¦ ΕλΗΨ Ύςΐ½.

2024-12-22 12:28:16 | ΐό»η | 2439869 (x1)Έ¦ ΎΖΐΜΕΫ Έν·ΙΎξΈ¦ ΕλΗΨ Ύςΐ½.

2024-12-22 12:28:34 | ΐό»η | 2439869 (x10000)Έ¦ ΎΖΐΜΕΫ Έν·ΙΎξΈ¦ ΕλΗΨ Ύςΐ½.

2024-12-22 01:30:33 | Δ®¶σ | 1803085 (x1)Έ¦ ΎΖΐΜΕΫ Έν·ΙΎξΈ¦ ΕλΗΨ Ύςΐ½.

2024-12-22 01:30:41 | Δ®¶σ | 1703528 (x1)Έ¦ ΎΖΐΜΕΫ Έν·ΙΎξΈ¦ ΕλΗΨ Ύςΐ½.

2024-12-22 01:31:32 | Δ®¶σ | 1054201 (x1)Έ¦ ΎΖΐΜΕΫ Έν·ΙΎξΈ¦ ΕλΗΨ Ύςΐ½.

2024-12-22 01:31:35 | Δ®¶σ | 1703529 (x1)Έ¦ ΎΖΐΜΕΫ Έν·ΙΎξΈ¦ ΕλΗΨ Ύςΐ½.

2024-12-22 01:31:59 | Δ®¶σ | 1662227 (x1)Έ¦ ΎΖΐΜΕΫ Έν·ΙΎξΈ¦ ΕλΗΨ Ύςΐ½.

2024-12-22 01:33:02 | Δ®¶σ | 1672085 (x1)Έ¦ ΎΖΐΜΕΫ Έν·ΙΎξΈ¦ ΕλΗΨ Ύςΐ½.

2024-12-22 01:38:54 | Δ®¶σ | 1713005 (x1)Έ¦ ΎΖΐΜΕΫ Έν·ΙΎξΈ¦ ΕλΗΨ Ύςΐ½.

2024-12-22 01:41:50 | Δ®¶σ | 1714000 (x1)Έ¦ ΎΖΐΜΕΫ Έν·ΙΎξΈ¦ ΕλΗΨ Ύςΐ½.

2024-12-22 01:49:13 | ΐ§µε | 2633620 (x1)Έ¦ ΎΖΐΜΕΫ Έν·ΙΎξΈ¦ ΕλΗΨ Ύςΐ½.

2024-12-22 01:55:58 | ΐ§µε | 2439614 (x1)Έ¦ ΎΖΐΜΕΫ Έν·ΙΎξΈ¦ ΕλΗΨ Ύςΐ½.

2024-12-22 01:59:40 | ΐ§µε | 2431157 (x1)Έ¦ ΎΖΐΜΕΫ Έν·ΙΎξΈ¦ ΕλΗΨ Ύςΐ½.

2024-12-22 02:03:35 | ΐ§µε | 4033235 (x1)Έ¦ ΎΖΐΜΕΫ Έν·ΙΎξΈ¦ ΕλΗΨ Ύςΐ½.

2024-12-22 02:04:20 | ΐ§µε | 2439545 (x1)Έ¦ ΎΖΐΜΕΫ Έν·ΙΎξΈ¦ ΕλΗΨ Ύςΐ½.

2024-12-22 02:15:12 | ΐ§µε | 4033235 (x1)Έ¦ ΎΖΐΜΕΫ Έν·ΙΎξΈ¦ ΕλΗΨ Ύςΐ½.

2024-12-22 02:31:30 | ΐ§µε | 4033334 (x10)Έ¦ ΎΖΐΜΕΫ Έν·ΙΎξΈ¦ ΕλΗΨ Ύςΐ½.

2024-12-22 02:34:34 | ΐ§µε | 2433019 (x1)Έ¦ ΎΖΐΜΕΫ Έν·ΙΎξΈ¦ ΕλΗΨ Ύςΐ½.

2024-12-22 03:16:36 | ΐό»η | 1592022 (x1)Έ¦ ΎΖΐΜΕΫ Έν·ΙΎξΈ¦ ΕλΗΨ Ύςΐ½.

2024-12-22 04:46:55 | ΐ§µε | 2435719 (x1)Έ¦ ΎΖΐΜΕΫ Έν·ΙΎξΈ¦ ΕλΗΨ Ύςΐ½.

2024-12-22 04:47:31 | ΐ§µε | 2435719 (x10)Έ¦ ΎΖΐΜΕΫ Έν·ΙΎξΈ¦ ΕλΗΨ Ύςΐ½.

2024-12-22 04:58:11 | ΐ§µε | 2435902 (x1)Έ¦ ΎΖΐΜΕΫ Έν·ΙΎξΈ¦ ΕλΗΨ Ύςΐ½.

2024-12-22 05:19:25 | ΐ§µε | 2432970 (x1)Έ¦ ΎΖΐΜΕΫ Έν·ΙΎξΈ¦ ΕλΗΨ Ύςΐ½.

2024-12-22 05:44:43 | ΐ§µε | 2439541 (x1)Έ¦ ΎΖΐΜΕΫ Έν·ΙΎξΈ¦ ΕλΗΨ Ύςΐ½.

2024-12-22 05:47:24 | ΐ§µε | 1662226 (x1)Έ¦ ΎΖΐΜΕΫ Έν·ΙΎξΈ¦ ΕλΗΨ Ύςΐ½.

2024-12-22 05:49:49 | ΐ§µε | 2439547 (x1)Έ¦ ΎΖΐΜΕΫ Έν·ΙΎξΈ¦ ΕλΗΨ Ύςΐ½.

2024-12-22 01:32:03 | ΐό»η | 2439541 (x50)Έ¦ ΎΖΐΜΕΫ Έν·ΙΎξΈ¦ ΕλΗΨ Ύςΐ½.

2024-12-22 01:32:21 | ΐό»η | 2439542 (x50)Έ¦ ΎΖΐΜΕΫ Έν·ΙΎξΈ¦ ΕλΗΨ Ύςΐ½.

2024-12-22 01:33:08 | ΐό»η | 2439549 (x100)Έ¦ ΎΖΐΜΕΫ Έν·ΙΎξΈ¦ ΕλΗΨ Ύςΐ½.

2024-12-22 01:33:16 | ΐό»η | 2439550 (x100)Έ¦ ΎΖΐΜΕΫ Έν·ΙΎξΈ¦ ΕλΗΨ Ύςΐ½.

2024-12-22 01:33:36 | ΐό»η | 2431157 (x1000)Έ¦ ΎΖΐΜΕΫ Έν·ΙΎξΈ¦ ΕλΗΨ Ύςΐ½.

2024-12-22 01:33:41 | ΐό»η | 2431157 (x1000)Έ¦ ΎΖΐΜΕΫ Έν·ΙΎξΈ¦ ΕλΗΨ Ύςΐ½.

2024-12-22 01:33:55 | ΐό»η | 2431156 (x2000)Έ¦ ΎΖΐΜΕΫ Έν·ΙΎξΈ¦ ΕλΗΨ Ύςΐ½.

2024-12-22 01:34:05 | ΐό»η | 2431157 (x3000)Έ¦ ΎΖΐΜΕΫ Έν·ΙΎξΈ¦ ΕλΗΨ Ύςΐ½.

2024-12-22 01:35:00 | ΐό»η | 2435719 (x1000)Έ¦ ΎΖΐΜΕΫ Έν·ΙΎξΈ¦ ΕλΗΨ Ύςΐ½.

2024-12-22 01:35:10 | ΐό»η | 2435719 (x10000)Έ¦ ΎΖΐΜΕΫ Έν·ΙΎξΈ¦ ΕλΗΨ Ύςΐ½.

2024-12-22 01:35:12 | ΐό»η | 2435719 (x10000)Έ¦ ΎΖΐΜΕΫ Έν·ΙΎξΈ¦ ΕλΗΨ Ύςΐ½.

2024-12-22 01:35:14 | ΐό»η | 2435719 (x10000)Έ¦ ΎΖΐΜΕΫ Έν·ΙΎξΈ¦ ΕλΗΨ Ύςΐ½.

2024-12-22 01:35:46 | ΐό»η | 2439279 (x100)Έ¦ ΎΖΐΜΕΫ Έν·ΙΎξΈ¦ ΕλΗΨ Ύςΐ½.

2024-12-22 01:35:52 | ΐό»η | 2439279 (x10000)Έ¦ ΎΖΐΜΕΫ Έν·ΙΎξΈ¦ ΕλΗΨ Ύςΐ½.

2024-12-22 01:45:15 | ΐό»η | 2439547 (x100)Έ¦ ΎΖΐΜΕΫ Έν·ΙΎξΈ¦ ΕλΗΨ Ύςΐ½.

2024-12-22 01:56:52 | ΐό»η | 2633620 (x100)Έ¦ ΎΖΐΜΕΫ Έν·ΙΎξΈ¦ ΕλΗΨ Ύςΐ½.

2024-12-22 02:04:48 | ΐό»η | 1143404 (x1)Έ¦ ΎΖΐΜΕΫ Έν·ΙΎξΈ¦ ΕλΗΨ Ύςΐ½.

2024-12-22 02:06:40 | ΐό»η | 2439999 (x1)Έ¦ ΎΖΐΜΕΫ Έν·ΙΎξΈ¦ ΕλΗΨ Ύςΐ½.

2024-12-22 02:06:44 | ΐό»η | 2439999 (x20)Έ¦ ΎΖΐΜΕΫ Έν·ΙΎξΈ¦ ΕλΗΨ Ύςΐ½.

2024-12-22 07:41:41 | ΐ§µε | 2439547 (x1)Έ¦ ΎΖΐΜΕΫ Έν·ΙΎξΈ¦ ΕλΗΨ Ύςΐ½.

2024-12-22 07:47:51 | ΐ§µε | 1672095 (x1)Έ¦ ΎΖΐΜΕΫ Έν·ΙΎξΈ¦ ΕλΗΨ Ύςΐ½.

2024-12-22 08:29:44 | ΐό»η | 1143404 (x1)Έ¦ ΎΖΐΜΕΫ Έν·ΙΎξΈ¦ ΕλΗΨ Ύςΐ½.

2024-12-22 08:36:19 | ΐό»η | 4310229 (x30000)Έ¦ ΎΖΐΜΕΫ Έν·ΙΎξΈ¦ ΕλΗΨ Ύςΐ½.

2024-12-22 08:36:24 | ΐό»η | 4310229 (x30000)Έ¦ ΎΖΐΜΕΫ Έν·ΙΎξΈ¦ ΕλΗΨ Ύςΐ½.

2024-12-22 08:36:25 | ΐό»η | 4310229 (x30000)Έ¦ ΎΖΐΜΕΫ Έν·ΙΎξΈ¦ ΕλΗΨ Ύςΐ½.

2024-12-22 08:36:39 | ΐό»η | 4310229 (x30000)Έ¦ ΎΖΐΜΕΫ Έν·ΙΎξΈ¦ ΕλΗΨ Ύςΐ½.

2024-12-22 08:36:40 | ΐό»η | 4310229 (x30000)Έ¦ ΎΖΐΜΕΫ Έν·ΙΎξΈ¦ ΕλΗΨ Ύςΐ½.

2024-12-22 08:36:41 | ΐό»η | 4310229 (x30000)Έ¦ ΎΖΐΜΕΫ Έν·ΙΎξΈ¦ ΕλΗΨ Ύςΐ½.

2024-12-22 08:36:42 | ΐό»η | 4310229 (x30000)Έ¦ ΎΖΐΜΕΫ Έν·ΙΎξΈ¦ ΕλΗΨ Ύςΐ½.

2024-12-22 08:36:43 | ΐό»η | 4310229 (x30000)Έ¦ ΎΖΐΜΕΫ Έν·ΙΎξΈ¦ ΕλΗΨ Ύςΐ½.

2024-12-22 08:51:36 | ΐό»η | 2436500 (x1)Έ¦ ΎΖΐΜΕΫ Έν·ΙΎξΈ¦ ΕλΗΨ Ύςΐ½.

2024-12-22 08:51:59 | ΐό»η | 2434287 (x1)Έ¦ ΎΖΐΜΕΫ Έν·ΙΎξΈ¦ ΕλΗΨ Ύςΐ½.

2024-12-22 08:52:18 | ΐό»η | 4031160 (x1)Έ¦ ΎΖΐΜΕΫ Έν·ΙΎξΈ¦ ΕλΗΨ Ύςΐ½.

2024-12-22 08:52:37 | ΐό»η | 2432970 (x1)Έ¦ ΎΖΐΜΕΫ Έν·ΙΎξΈ¦ ΕλΗΨ Ύςΐ½.

2024-12-22 08:52:50 | ΐό»η | 2433808 (x1)Έ¦ ΎΖΐΜΕΫ Έν·ΙΎξΈ¦ ΕλΗΨ Ύςΐ½.

2024-12-22 08:53:21 | ΐό»η | 2631913 (x1)Έ¦ ΎΖΐΜΕΫ Έν·ΙΎξΈ¦ ΕλΗΨ Ύςΐ½.

2024-12-22 08:53:30 | ΐό»η | 2631913 (x1)Έ¦ ΎΖΐΜΕΫ Έν·ΙΎξΈ¦ ΕλΗΨ Ύςΐ½.

2024-12-22 08:53:50 | ΐό»η | 2434288 (x1)Έ¦ ΎΖΐΜΕΫ Έν·ΙΎξΈ¦ ΕλΗΨ Ύςΐ½.

2024-12-22 08:53:58 | ΐό»η | 2433808 (x1)Έ¦ ΎΖΐΜΕΫ Έν·ΙΎξΈ¦ ΕλΗΨ Ύςΐ½.

2024-12-22 08:54:06 | ΐό»η | 2432970 (x1)Έ¦ ΎΖΐΜΕΫ Έν·ΙΎξΈ¦ ΕλΗΨ Ύςΐ½.

2024-12-22 08:54:17 | ΐό»η | 2631913 (x1)Έ¦ ΎΖΐΜΕΫ Έν·ΙΎξΈ¦ ΕλΗΨ Ύςΐ½.

2024-12-22 08:54:31 | ΐό»η | 2632136 (x1)Έ¦ ΎΖΐΜΕΫ Έν·ΙΎξΈ¦ ΕλΗΨ Ύςΐ½.

2024-12-22 08:54:45 | ΐό»η | 2632136 (x1)Έ¦ ΎΖΐΜΕΫ Έν·ΙΎξΈ¦ ΕλΗΨ Ύςΐ½.

2024-12-22 08:54:50 | ΐό»η | 2634175 (x1)Έ¦ ΎΖΐΜΕΫ Έν·ΙΎξΈ¦ ΕλΗΨ Ύςΐ½.

2024-12-22 08:56:37 | ΐό»η | 4031160 (x1)Έ¦ ΎΖΐΜΕΫ Έν·ΙΎξΈ¦ ΕλΗΨ Ύςΐ½.

2024-12-22 08:56:47 | ΐό»η | 2631913 (x1)Έ¦ ΎΖΐΜΕΫ Έν·ΙΎξΈ¦ ΕλΗΨ Ύςΐ½.

2024-12-22 08:57:21 | ΐό»η | 2702012 (x1)Έ¦ ΎΖΐΜΕΫ Έν·ΙΎξΈ¦ ΕλΗΨ Ύςΐ½.

2024-12-22 08:57:45 | ΐό»η | 2702008 (x1)Έ¦ ΎΖΐΜΕΫ Έν·ΙΎξΈ¦ ΕλΗΨ Ύςΐ½.

2024-12-22 08:57:53 | ΐό»η | 2702007 (x1)Έ¦ ΎΖΐΜΕΫ Έν·ΙΎξΈ¦ ΕλΗΨ Ύςΐ½.

2024-12-22 08:58:03 | ΐό»η | 2702002 (x1)Έ¦ ΎΖΐΜΕΫ Έν·ΙΎξΈ¦ ΕλΗΨ Ύςΐ½.

2024-12-22 09:10:04 | ΐό»η | 4080100 (x1)Έ¦ ΎΖΐΜΕΫ Έν·ΙΎξΈ¦ ΕλΗΨ Ύςΐ½.

2024-12-22 10:51:22 | ΐ¶ΐ¶ | 2431157 (x30000)Έ¦ ΎΖΐΜΕΫ Έν·ΙΎξΈ¦ ΕλΗΨ Ύςΐ½.

2024-12-22 10:53:02 | ΐ¶ΐ¶ | 2431157 (x30000)Έ¦ ΎΖΐΜΕΫ Έν·ΙΎξΈ¦ ΕλΗΨ Ύςΐ½.

2024-12-22 10:53:03 | ΐ¶ΐ¶ | 2431157 (x30000)Έ¦ ΎΖΐΜΕΫ Έν·ΙΎξΈ¦ ΕλΗΨ Ύςΐ½.

2024-12-22 11:03:40 | ΐό»η | 2049325 (x1)Έ¦ ΎΖΐΜΕΫ Έν·ΙΎξΈ¦ ΕλΗΨ Ύςΐ½.

2024-12-22 11:04:01 | ΐό»η | 2049323 (x1)Έ¦ ΎΖΐΜΕΫ Έν·ΙΎξΈ¦ ΕλΗΨ Ύςΐ½.

2024-12-22 11:05:28 | ΐό»η | 4001832 (x1)Έ¦ ΎΖΐΜΕΫ Έν·ΙΎξΈ¦ ΕλΗΨ Ύςΐ½.

2024-12-22 11:05:33 | ΐό»η | 4001832 (x30000)Έ¦ ΎΖΐΜΕΫ Έν·ΙΎξΈ¦ ΕλΗΨ Ύςΐ½.

2024-12-22 11:06:03 | ΐό»η | 4000999 (x10000)Έ¦ ΎΖΐΜΕΫ Έν·ΙΎξΈ¦ ΕλΗΨ Ύςΐ½.

2024-12-22 11:06:08 | ΐό»η | 2438118 (x10000)Έ¦ ΎΖΐΜΕΫ Έν·ΙΎξΈ¦ ΕλΗΨ Ύςΐ½.

2024-12-22 11:10:50 | ΐό»η | 2003568 (x1)Έ¦ ΎΖΐΜΕΫ Έν·ΙΎξΈ¦ ΕλΗΨ Ύςΐ½.

2024-12-22 11:10:53 | ΐό»η | 2003568 (x10)Έ¦ ΎΖΐΜΕΫ Έν·ΙΎξΈ¦ ΕλΗΨ Ύςΐ½.

2024-12-22 11:12:59 | ΐό»η | 2100000 (x1)Έ¦ ΎΖΐΜΕΫ Έν·ΙΎξΈ¦ ΕλΗΨ Ύςΐ½.

2024-12-22 11:13:02 | ΐό»η | 2100000 (x10)Έ¦ ΎΖΐΜΕΫ Έν·ΙΎξΈ¦ ΕλΗΨ Ύςΐ½.

2024-12-22 11:26:35 | ΐό»η | 1113098 (x1)Έ¦ ΎΖΐΜΕΫ Έν·ΙΎξΈ¦ ΕλΗΨ Ύςΐ½.

2024-12-23 12:10:11 | ΐ¶ΐ¶ | 2439547 (x1)Έ¦ ΎΖΐΜΕΫ Έν·ΙΎξΈ¦ ΕλΗΨ Ύςΐ½.

2024-12-23 12:12:11 | ΐ¶ΐ¶ | 1662226 (x1)Έ¦ ΎΖΐΜΕΫ Έν·ΙΎξΈ¦ ΕλΗΨ Ύςΐ½.

2024-12-23 12:13:00 | ΐ¶ΐ¶ | 5002732 (x1)Έ¦ ΎΖΐΜΕΫ Έν·ΙΎξΈ¦ ΕλΗΨ Ύςΐ½.

2024-12-23 12:13:03 | ΐ¶ΐ¶ | 5002733 (x1)Έ¦ ΎΖΐΜΕΫ Έν·ΙΎξΈ¦ ΕλΗΨ Ύςΐ½.

2024-12-23 12:13:05 | ΐ¶ΐ¶ | 5002734 (x1)Έ¦ ΎΖΐΜΕΫ Έν·ΙΎξΈ¦ ΕλΗΨ Ύςΐ½.

2024-12-23 12:51:46 | ΐ¶ΐ¶ | 2439547 (x1)Έ¦ ΎΖΐΜΕΫ Έν·ΙΎξΈ¦ ΕλΗΨ Ύςΐ½.

2024-12-23 08:46:18 | ΐ¶ΐ¶ | 2439541 (x1)Έ¦ ΎΖΐΜΕΫ Έν·ΙΎξΈ¦ ΕλΗΨ Ύςΐ½.

2024-12-23 08:46:40 | ΐ¶ΐ¶ | 2439544 (x1)Έ¦ ΎΖΐΜΕΫ Έν·ΙΎξΈ¦ ΕλΗΨ Ύςΐ½.

2024-12-23 10:26:28 | ΐ¶ΐ¶ | 2439547 (x1)Έ¦ ΎΖΐΜΕΫ Έν·ΙΎξΈ¦ ΕλΗΨ Ύςΐ½.

2024-12-23 10:44:39 | ΐ¶ΐ¶ | 1672999 (x1)Έ¦ ΎΖΐΜΕΫ Έν·ΙΎξΈ¦ ΕλΗΨ Ύςΐ½.

2024-12-23 11:00:24 | ΐ¶ΐ¶ | 1672095 (x1)Έ¦ ΎΖΐΜΕΫ Έν·ΙΎξΈ¦ ΕλΗΨ Ύςΐ½.

2024-12-23 11:07:27 | ΐ¶ΐ¶ | 1672076 (x1)Έ¦ ΎΖΐΜΕΫ Έν·ΙΎξΈ¦ ΕλΗΨ Ύςΐ½.

2024-12-23 11:22:05 | ΐ¶ΐ¶ | 1672076 (x1)Έ¦ ΎΖΐΜΕΫ Έν·ΙΎξΈ¦ ΕλΗΨ Ύςΐ½.

2024-12-23 11:22:15 | ΐ¶ΐ¶ | 1672082 (x1)Έ¦ ΎΖΐΜΕΫ Έν·ΙΎξΈ¦ ΕλΗΨ Ύςΐ½.

2024-12-24 11:55:53 | μµμµ | 4033304 (x1)λ¥Ό μ•„μ΄ν… λ…λ Ήμ–΄λ¥Ό ν†µν•΄ μ–»μ.

2024-12-25 03:08:25 | μµμµ | 2435719 (x1)λ¥Ό μ•„μ΄ν… λ…λ Ήμ–΄λ¥Ό ν†µν•΄ μ–»μ.

2024-12-25 03:08:37 | μµμµ | 2435719 (x1)λ¥Ό μ•„μ΄ν… λ…λ Ήμ–΄λ¥Ό ν†µν•΄ μ–»μ.

2024-12-25 03:10:53 | μµμµ | 2435719 (x1)λ¥Ό μ•„μ΄ν… λ…λ Ήμ–΄λ¥Ό ν†µν•΄ μ–»μ.

2024-12-25 03:12:04 | μµμµ | 2435719 (x1)λ¥Ό μ•„μ΄ν… λ…λ Ήμ–΄λ¥Ό ν†µν•΄ μ–»μ.

2024-12-25 03:12:38 | μµμµ | 2435719 (x1)λ¥Ό μ•„μ΄ν… λ…λ Ήμ–΄λ¥Ό ν†µν•΄ μ–»μ.

2024-12-25 03:12:45 | μµμµ | 2435719 (x10)λ¥Ό μ•„μ΄ν… λ…λ Ήμ–΄λ¥Ό ν†µν•΄ μ–»μ.

2024-12-25 03:13:35 | μµμµ | 2439279 (x1)λ¥Ό μ•„μ΄ν… λ…λ Ήμ–΄λ¥Ό ν†µν•΄ μ–»μ.

2024-12-25 03:14:40 | μµμµ | 2439279 (x1)λ¥Ό μ•„μ΄ν… λ…λ Ήμ–΄λ¥Ό ν†µν•΄ μ–»μ.

2024-12-25 03:14:58 | μµμµ | 2439279 (x1)λ¥Ό μ•„μ΄ν… λ…λ Ήμ–΄λ¥Ό ν†µν•΄ μ–»μ.

2024-12-25 03:15:38 | μµμµ | 2439279 (x1)λ¥Ό μ•„μ΄ν… λ…λ Ήμ–΄λ¥Ό ν†µν•΄ μ–»μ.

2024-12-25 03:17:12 | μµμµ | 2432970 (x1)λ¥Ό μ•„μ΄ν… λ…λ Ήμ–΄λ¥Ό ν†µν•΄ μ–»μ.

2024-12-25 03:19:52 | μµμµ | 2433808 (x1)λ¥Ό μ•„μ΄ν… λ…λ Ήμ–΄λ¥Ό ν†µν•΄ μ–»μ.

2024-12-25 03:20:01 | μµμµ | 2434288 (x1)λ¥Ό μ•„μ΄ν… λ…λ Ήμ–΄λ¥Ό ν†µν•΄ μ–»μ.

2024-12-25 03:20:06 | μµμµ | 2434021 (x1)λ¥Ό μ•„μ΄ν… λ…λ Ήμ–΄λ¥Ό ν†µν•΄ μ–»μ.

2024-12-25 03:20:23 | μµμµ | 2431174 (x1)λ¥Ό μ•„μ΄ν… λ…λ Ήμ–΄λ¥Ό ν†µν•΄ μ–»μ.

2024-12-25 03:20:31 | μµμµ | 2434021 (x1)λ¥Ό μ•„μ΄ν… λ…λ Ήμ–΄λ¥Ό ν†µν•΄ μ–»μ.

2024-12-25 03:21:16 | μµμµ | 2434287 (x1)λ¥Ό μ•„μ΄ν… λ…λ Ήμ–΄λ¥Ό ν†µν•΄ μ–»μ.

2024-12-25 03:34:09 | μµμµ | 2434290 (x1)λ¥Ό μ•„μ΄ν… λ…λ Ήμ–΄λ¥Ό ν†µν•΄ μ–»μ.

2024-12-25 03:34:24 | μµμµ | 2432970 (x1)λ¥Ό μ•„μ΄ν… λ…λ Ήμ–΄λ¥Ό ν†µν•΄ μ–»μ.

2024-12-25 03:36:17 | μµμµ | 2432965 (x1)λ¥Ό μ•„μ΄ν… λ…λ Ήμ–΄λ¥Ό ν†µν•΄ μ–»μ.

2024-12-25 04:10:21 | μµμµ | 1012999 (x1)λ¥Ό μ•„μ΄ν… λ…λ Ήμ–΄λ¥Ό ν†µν•΄ μ–»μ.

2024-12-25 04:10:35 | μµμµ | 1012999 (x1)λ¥Ό μ•„μ΄ν… λ…λ Ήμ–΄λ¥Ό ν†µν•΄ μ–»μ.

2024-12-25 04:11:34 | μµμµ | 1672999 (x1)λ¥Ό μ•„μ΄ν… λ…λ Ήμ–΄λ¥Ό ν†µν•΄ μ–»μ.

2024-12-25 10:29:29 | ΐ§µε | 1122334 (x1)Έ¦ ΎΖΐΜΕΫ Έν·ΙΎξΈ¦ ΕλΗΨ Ύςΐ½.

2024-12-25 02:36:12 | ΐ§µε | 2432970 (x1)Έ¦ ΎΖΐΜΕΫ Έν·ΙΎξΈ¦ ΕλΗΨ Ύςΐ½.

2024-12-25 03:39:20 | ΐ§µε | 4310299 (x1)Έ¦ ΎΖΐΜΕΫ Έν·ΙΎξΈ¦ ΕλΗΨ Ύςΐ½.

2024-12-25 03:39:43 | ΐ§µε | 4310229 (x1)Έ¦ ΎΖΐΜΕΫ Έν·ΙΎξΈ¦ ΕλΗΨ Ύςΐ½.

2024-12-25 04:02:38 | Δ®¶σ | 2450042 (x1)Έ¦ ΎΖΐΜΕΫ Έν·ΙΎξΈ¦ ΕλΗΨ Ύςΐ½.

2024-12-25 04:02:49 | Δ®¶σ | 2450130 (x1)Έ¦ ΎΖΐΜΕΫ Έν·ΙΎξΈ¦ ΕλΗΨ Ύςΐ½.

2024-12-25 04:02:57 | Δ®¶σ | 2450144 (x1)Έ¦ ΎΖΐΜΕΫ Έν·ΙΎξΈ¦ ΕλΗΨ Ύςΐ½.

2024-12-25 04:03:18 | Δ®¶σ | 2450124 (x1)Έ¦ ΎΖΐΜΕΫ Έν·ΙΎξΈ¦ ΕλΗΨ Ύςΐ½.

2024-12-25 04:03:33 | Δ®¶σ | 2450064 (x1)Έ¦ ΎΖΐΜΕΫ Έν·ΙΎξΈ¦ ΕλΗΨ Ύςΐ½.

2024-12-25 04:04:41 | Δ®¶σ | 2450064 (x1)Έ¦ ΎΖΐΜΕΫ Έν·ΙΎξΈ¦ ΕλΗΨ Ύςΐ½.

2024-12-25 04:11:21 | Δ®¶σ | 2636656 (x1)Έ¦ ΎΖΐΜΕΫ Έν·ΙΎξΈ¦ ΕλΗΨ Ύςΐ½.

2024-12-25 04:18:50 | Δ®¶σ | 4009547 (x1)Έ¦ ΎΖΐΜΕΫ Έν·ΙΎξΈ¦ ΕλΗΨ Ύςΐ½.

2024-12-25 07:24:04 | ΐ¶ΐ¶ | 2431157 (x30000)Έ¦ ΎΖΐΜΕΫ Έν·ΙΎξΈ¦ ΕλΗΨ Ύςΐ½.

2024-12-25 07:24:06 | ΐ¶ΐ¶ | 2431157 (x30000)Έ¦ ΎΖΐΜΕΫ Έν·ΙΎξΈ¦ ΕλΗΨ Ύςΐ½.

2024-12-25 07:26:00 | ΐ¶ΐ¶ | 2431157 (x30000)Έ¦ ΎΖΐΜΕΫ Έν·ΙΎξΈ¦ ΕλΗΨ Ύςΐ½.

2024-12-25 07:26:01 | ΐ¶ΐ¶ | 2431157 (x30000)Έ¦ ΎΖΐΜΕΫ Έν·ΙΎξΈ¦ ΕλΗΨ Ύςΐ½.

2024-12-25 07:26:51 | ΐ¶ΐ¶ | 2431157 (x30000)Έ¦ ΎΖΐΜΕΫ Έν·ΙΎξΈ¦ ΕλΗΨ Ύςΐ½.

2024-12-25 07:26:54 | ΐ¶ΐ¶ | 2431157 (x30000)Έ¦ ΎΖΐΜΕΫ Έν·ΙΎξΈ¦ ΕλΗΨ Ύςΐ½.

2024-12-25 07:26:54 | ΐ¶ΐ¶ | 2431157 (x30000)Έ¦ ΎΖΐΜΕΫ Έν·ΙΎξΈ¦ ΕλΗΨ Ύςΐ½.

2024-12-25 07:26:55 | ΐ¶ΐ¶ | 2431157 (x30000)Έ¦ ΎΖΐΜΕΫ Έν·ΙΎξΈ¦ ΕλΗΨ Ύςΐ½.

2024-12-25 08:28:54 | ΐ¶ΐ¶ | 1302357 (x1)Έ¦ ΎΖΐΜΕΫ Έν·ΙΎξΈ¦ ΕλΗΨ Ύςΐ½.

2024-12-25 08:29:33 | ΐ¶ΐ¶ | 1402999 (x1)Έ¦ ΎΖΐΜΕΫ Έν·ΙΎξΈ¦ ΕλΗΨ Ύςΐ½.

2024-12-25 08:33:33 | ΐ¶ΐ¶ | 2434311 (x1)Έ¦ ΎΖΐΜΕΫ Έν·ΙΎξΈ¦ ΕλΗΨ Ύςΐ½.

2024-12-25 08:39:27 | ΐ¶ΐ¶ | 4001022 (x100)Έ¦ ΎΖΐΜΕΫ Έν·ΙΎξΈ¦ ΕλΗΨ Ύςΐ½.

2024-12-25 08:51:38 | ΐ¶ΐ¶ | 2430041 (x1)Έ¦ ΎΖΐΜΕΫ Έν·ΙΎξΈ¦ ΕλΗΨ Ύςΐ½.

2024-12-25 10:10:11 | ΕΧΏ΅½ΊΖ® | 2633620 (x150)Έ¦ ΎΖΐΜΕΫ Έν·ΙΎξΈ¦ ΕλΗΨ Ύςΐ½.

2024-12-25 10:13:43 | ΕΧΏ΅½ΊΖ® | 2633620 (x150)Έ¦ ΎΖΐΜΕΫ Έν·ΙΎξΈ¦ ΕλΗΨ Ύςΐ½.

2024-12-25 10:19:39 | ΕΧΏ΅½ΊΖ® | 2633620 (x200)Έ¦ ΎΖΐΜΕΫ Έν·ΙΎξΈ¦ ΕλΗΨ Ύςΐ½.

2024-12-25 10:47:51 | ΕΧΏ΅½ΊΖ® | 2431288 (x1)Έ¦ ΎΖΐΜΕΫ Έν·ΙΎξΈ¦ ΕλΗΨ Ύςΐ½.

2024-12-25 10:48:45 | ΕΧΏ΅½ΊΖ® | 2431288 (x1)Έ¦ ΎΖΐΜΕΫ Έν·ΙΎξΈ¦ ΕλΗΨ Ύςΐ½.

2024-12-25 10:48:47 | ΕΧΏ΅½ΊΖ® | 2431288 (x1)Έ¦ ΎΖΐΜΕΫ Έν·ΙΎξΈ¦ ΕλΗΨ Ύςΐ½.

2024-12-26 11:28:53 | ΏΛΏΛ | 4310086 (x1)Έ¦ ΎΖΐΜΕΫ Έν·ΙΎξΈ¦ ΕλΗΨ Ύςΐ½.

2024-12-26 11:41:36 | ΏΛΏΛ | 2631527 (x1)Έ¦ ΎΖΐΜΕΫ Έν·ΙΎξΈ¦ ΕλΗΨ Ύςΐ½.

2024-12-26 11:50:11 | ΏΛΏΛ | 2431288 (x1)Έ¦ ΎΖΐΜΕΫ Έν·ΙΎξΈ¦ ΕλΗΨ Ύςΐ½.

2024-12-26 11:50:48 | ΏΛΏΛ | 4310086 (x1)Έ¦ ΎΖΐΜΕΫ Έν·ΙΎξΈ¦ ΕλΗΨ Ύςΐ½.

2024-12-26 04:30:48 | ΐ§µε | 2633620 (x1000)Έ¦ ΎΖΐΜΕΫ Έν·ΙΎξΈ¦ ΕλΗΨ Ύςΐ½.

2024-12-26 04:31:45 | ΐ§µε | 2633620 (x150)Έ¦ ΎΖΐΜΕΫ Έν·ΙΎξΈ¦ ΕλΗΨ Ύςΐ½.

2024-12-26 06:20:27 | ΐ§µε | 1099009 (x1)Έ¦ ΎΖΐΜΕΫ Έν·ΙΎξΈ¦ ΕλΗΨ Ύςΐ½.

2024-12-26 06:20:50 | ΐ§µε | 1099004 (x1)Έ¦ ΎΖΐΜΕΫ Έν·ΙΎξΈ¦ ΕλΗΨ Ύςΐ½.

2024-12-26 10:10:30 | ΐ§µε | 2430030 (x1)Έ¦ ΎΖΐΜΕΫ Έν·ΙΎξΈ¦ ΕλΗΨ Ύςΐ½.

2024-12-26 10:16:28 | ΐ§µε | 2430030 (x10)Έ¦ ΎΖΐΜΕΫ Έν·ΙΎξΈ¦ ΕλΗΨ Ύςΐ½.

2024-12-27 02:57:41 | ΐ§µε | 1122334 (x1)Έ¦ ΎΖΐΜΕΫ Έν·ΙΎξΈ¦ ΕλΗΨ Ύςΐ½.

2024-12-27 03:12:29 | ΐ§µε | 1122334 (x1)Έ¦ ΎΖΐΜΕΫ Έν·ΙΎξΈ¦ ΕλΗΨ Ύςΐ½.

2024-12-27 03:30:35 | ΐ§µε | 1122334 (x1)Έ¦ ΎΖΐΜΕΫ Έν·ΙΎξΈ¦ ΕλΗΨ Ύςΐ½.

2024-12-27 03:31:43 | ΐ§µε | 1122334 (x1)Έ¦ ΎΖΐΜΕΫ Έν·ΙΎξΈ¦ ΕλΗΨ Ύςΐ½.

2024-12-27 04:06:11 | ΐ§µε | 2439614 (x1)Έ¦ ΎΖΐΜΕΫ Έν·ΙΎξΈ¦ ΕλΗΨ Ύςΐ½.

2024-12-27 04:14:52 | ΐ§µε | 2439545 (x1)Έ¦ ΎΖΐΜΕΫ Έν·ΙΎξΈ¦ ΕλΗΨ Ύςΐ½.

2024-12-27 04:17:15 | ΐ§µε | 4310325 (x45)Έ¦ ΎΖΐΜΕΫ Έν·ΙΎξΈ¦ ΕλΗΨ Ύςΐ½.

2024-12-27 04:17:42 | ±θΏ£Ήφ | 3700718 (x1)Έ¦ ΎΖΐΜΕΫ Έν·ΙΎξΈ¦ ΕλΗΨ Ύςΐ½.

2024-12-27 04:20:14 | ±θΏ£Ήφ | 2439549 (x1)Έ¦ ΎΖΐΜΕΫ Έν·ΙΎξΈ¦ ΕλΗΨ Ύςΐ½.

2024-12-27 04:20:21 | ±θΏ£Ήφ | 2439550 (x1)Έ¦ ΎΖΐΜΕΫ Έν·ΙΎξΈ¦ ΕλΗΨ Ύςΐ½.

2024-12-27 04:20:25 | ±θΏ£Ήφ | 2439547 (x1)Έ¦ ΎΖΐΜΕΫ Έν·ΙΎξΈ¦ ΕλΗΨ Ύςΐ½.

2024-12-27 04:20:40 | ±θΏ£Ήφ | 2439549 (x6)Έ¦ ΎΖΐΜΕΫ Έν·ΙΎξΈ¦ ΕλΗΨ Ύςΐ½.

2024-12-27 04:21:20 | ±θΏ£Ήφ | 2439550 (x10)Έ¦ ΎΖΐΜΕΫ Έν·ΙΎξΈ¦ ΕλΗΨ Ύςΐ½.

2024-12-27 04:21:28 | ±θΏ£Ήφ | 2439547 (x15)Έ¦ ΎΖΐΜΕΫ Έν·ΙΎξΈ¦ ΕλΗΨ Ύςΐ½.

2024-12-27 04:25:59 | ±θΏ£Ήφ | 4001716 (x10)Έ¦ ΎΖΐΜΕΫ Έν·ΙΎξΈ¦ ΕλΗΨ Ύςΐ½.

2024-12-27 04:28:03 | ±θΏ£Ήφ | 2431157 (x30000)Έ¦ ΎΖΐΜΕΫ Έν·ΙΎξΈ¦ ΕλΗΨ Ύςΐ½.

2024-12-27 06:21:17 | ΐ§µε | 1672999 (x1)Έ¦ ΎΖΐΜΕΫ Έν·ΙΎξΈ¦ ΕλΗΨ Ύςΐ½.

2024-12-27 09:10:25 | ±θΏ£Ήφ | 4036804 (x1)Έ¦ ΎΖΐΜΕΫ Έν·ΙΎξΈ¦ ΕλΗΨ Ύςΐ½.

2024-12-27 09:15:27 | ΐ§µε | 2439545 (x1)Έ¦ ΎΖΐΜΕΫ Έν·ΙΎξΈ¦ ΕλΗΨ Ύςΐ½.

2024-12-27 09:16:05 | ±θΏ£Ήφ | 2439542 (x1)Έ¦ ΎΖΐΜΕΫ Έν·ΙΎξΈ¦ ΕλΗΨ Ύςΐ½.

2024-12-27 09:16:27 | ±θΏ£Ήφ | 2439541 (x1)Έ¦ ΎΖΐΜΕΫ Έν·ΙΎξΈ¦ ΕλΗΨ Ύςΐ½.

2024-12-27 10:45:49 | μµμµ | 2439545 (x1)λ¥Ό μ•„μ΄ν… λ…λ Ήμ–΄λ¥Ό ν†µν•΄ μ–»μ.

2024-12-28 03:08:43 | Δν·ΞΉΜ | 2439545 (x1)Έ¦ ΎΖΐΜΕΫ Έν·ΙΎξΈ¦ ΕλΗΨ Ύςΐ½.

2024-12-28 03:23:20 | Δν·ΞΉΜ | 2702002 (x1)Έ¦ ΎΖΐΜΕΫ Έν·ΙΎξΈ¦ ΕλΗΨ Ύςΐ½.

2024-12-28 04:21:26 | Δν·ΞΉΜ | 1672999 (x1)Έ¦ ΎΖΐΜΕΫ Έν·ΙΎξΈ¦ ΕλΗΨ Ύςΐ½.

2024-12-28 04:26:04 | Δν·ΞΉΜ | 1190999 (x1)Έ¦ ΎΖΐΜΕΫ Έν·ΙΎξΈ¦ ΕλΗΨ Ύςΐ½.

2024-12-28 09:20:43 | μµμµ | 2439547 (x2)λ¥Ό μ•„μ΄ν… λ…λ Ήμ–΄λ¥Ό ν†µν•΄ μ–»μ.

2024-12-28 09:33:25 | μµμµ | 2000054 (x1)λ¥Ό μ•„μ΄ν… λ…λ Ήμ–΄λ¥Ό ν†µν•΄ μ–»μ.

2024-12-28 10:20:04 | μµμµ | 1672999 (x1)λ¥Ό μ•„μ΄ν… λ…λ Ήμ–΄λ¥Ό ν†µν•΄ μ–»μ.

2024-12-29 01:47:03 | ΐ¶ΐ¶ | 4009546 (x19)Έ¦ ΎΖΐΜΕΫ Έν·ΙΎξΈ¦ ΕλΗΨ Ύςΐ½.

2024-12-29 01:47:52 | ΐ¶ΐ¶ | 2637338 (x19)Έ¦ ΎΖΐΜΕΫ Έν·ΙΎξΈ¦ ΕλΗΨ Ύςΐ½.

2024-12-29 01:48:27 | ΐ¶ΐ¶ | 2636656 (x19)Έ¦ ΎΖΐΜΕΫ Έν·ΙΎξΈ¦ ΕλΗΨ Ύςΐ½.

2024-12-29 01:50:06 | ΐ¶ΐ¶ | 4009547 (x30000)Έ¦ ΎΖΐΜΕΫ Έν·ΙΎξΈ¦ ΕλΗΨ Ύςΐ½.

2024-12-29 01:53:18 | ΐ¶ΐ¶ | 2636656 (x10000)Έ¦ ΎΖΐΜΕΫ Έν·ΙΎξΈ¦ ΕλΗΨ Ύςΐ½.

2024-12-29 02:52:24 | ΐ―ΐ― | 2439279 (x30000)Έ¦ ΎΖΐΜΕΫ Έν·ΙΎξΈ¦ ΕλΗΨ Ύςΐ½.

2024-12-29 02:52:58 | ΐ―ΐ― | 2630402 (x1)Έ¦ ΎΖΐΜΕΫ Έν·ΙΎξΈ¦ ΕλΗΨ Ύςΐ½.

2024-12-29 02:53:05 | ΐ―ΐ― | 2630402 (x1)Έ¦ ΎΖΐΜΕΫ Έν·ΙΎξΈ¦ ΕλΗΨ Ύςΐ½.

2024-12-29 02:53:35 | ΐ―ΐ― | 2632290 (x1)Έ¦ ΎΖΐΜΕΫ Έν·ΙΎξΈ¦ ΕλΗΨ Ύςΐ½.

2024-12-29 02:53:42 | ΐ―ΐ― | 2632290 (x1)Έ¦ ΎΖΐΜΕΫ Έν·ΙΎξΈ¦ ΕλΗΨ Ύςΐ½.

2024-12-29 02:54:15 | ΐ―ΐ― | 2439279 (x2)Έ¦ ΎΖΐΜΕΫ Έν·ΙΎξΈ¦ ΕλΗΨ Ύςΐ½.

2024-12-29 02:58:49 | ΐ―ΐ― | 2439279 (x1)Έ¦ ΎΖΐΜΕΫ Έν·ΙΎξΈ¦ ΕλΗΨ Ύςΐ½.

2024-12-29 02:59:39 | ΐ―ΐ― | 2439279 (x30000)Έ¦ ΎΖΐΜΕΫ Έν·ΙΎξΈ¦ ΕλΗΨ Ύςΐ½.

2024-12-29 02:59:50 | ΐ―ΐ― | 2439279 (x200)Έ¦ ΎΖΐΜΕΫ Έν·ΙΎξΈ¦ ΕλΗΨ Ύςΐ½.

2024-12-29 03:00:01 | ΐ―ΐ― | 2439279 (x100)Έ¦ ΎΖΐΜΕΫ Έν·ΙΎξΈ¦ ΕλΗΨ Ύςΐ½.

2024-12-29 03:00:11 | ΐ―ΐ― | 2439279 (x50)Έ¦ ΎΖΐΜΕΫ Έν·ΙΎξΈ¦ ΕλΗΨ Ύςΐ½.

2024-12-29 03:00:25 | ΐ―ΐ― | 2439279 (x20)Έ¦ ΎΖΐΜΕΫ Έν·ΙΎξΈ¦ ΕλΗΨ Ύςΐ½.

2024-12-29 03:00:33 | ΐ―ΐ― | 2439279 (x10)Έ¦ ΎΖΐΜΕΫ Έν·ΙΎξΈ¦ ΕλΗΨ Ύςΐ½.

2024-12-29 03:00:41 | ΐ―ΐ― | 2439279 (x1)Έ¦ ΎΖΐΜΕΫ Έν·ΙΎξΈ¦ ΕλΗΨ Ύςΐ½.

2024-12-29 03:02:05 | ΐ―ΐ― | 2439545 (x1)Έ¦ ΎΖΐΜΕΫ Έν·ΙΎξΈ¦ ΕλΗΨ Ύςΐ½.

2024-12-29 03:02:56 | ΐ―ΐ― | 2439545 (x1)Έ¦ ΎΖΐΜΕΫ Έν·ΙΎξΈ¦ ΕλΗΨ Ύςΐ½.

2024-12-29 03:03:44 | ΐ―ΐ― | 2439545 (x1)Έ¦ ΎΖΐΜΕΫ Έν·ΙΎξΈ¦ ΕλΗΨ Ύςΐ½.

2024-12-29 03:14:13 | ΐ―ΐ― | 2630402 (x200)Έ¦ ΎΖΐΜΕΫ Έν·ΙΎξΈ¦ ΕλΗΨ Ύςΐ½.

2024-12-29 03:15:17 | ΐ―ΐ― | 2439279 (x200)Έ¦ ΎΖΐΜΕΫ Έν·ΙΎξΈ¦ ΕλΗΨ Ύςΐ½.

2024-12-29 03:39:08 | ΐ―ΐ― | 4009547 (x10000)Έ¦ ΎΖΐΜΕΫ Έν·ΙΎξΈ¦ ΕλΗΨ Ύςΐ½.

2024-12-30 12:07:37 | μ μ  | 4310086 (x1)λ¥Ό μ•„μ΄ν… λ…λ Ήμ–΄λ¥Ό ν†µν•΄ μ–»μ.

2024-12-30 12:09:22 | μ μ  | 4310086 (x1)λ¥Ό μ•„μ΄ν… λ…λ Ήμ–΄λ¥Ό ν†µν•΄ μ–»μ.

2024-12-30 12:10:20 | μ μ  | 4310086 (x1)λ¥Ό μ•„μ΄ν… λ…λ Ήμ–΄λ¥Ό ν†µν•΄ μ–»μ.

2024-12-30 12:13:28 | μ μ  | 4310086 (x1)λ¥Ό μ•„μ΄ν… λ…λ Ήμ–΄λ¥Ό ν†µν•΄ μ–»μ.

2024-12-30 12:14:12 | μ μ  | 4310086 (x1)λ¥Ό μ•„μ΄ν… λ…λ Ήμ–΄λ¥Ό ν†µν•΄ μ–»μ.

2024-12-30 12:38:47 | μ μ  | 2439279 (x50)λ¥Ό μ•„μ΄ν… λ…λ Ήμ–΄λ¥Ό ν†µν•΄ μ–»μ.

2024-12-30 03:27:11 | ΐ§µε | 2433509 (x1)Έ¦ ΎΖΐΜΕΫ Έν·ΙΎξΈ¦ ΕλΗΨ Ύςΐ½.

2024-12-30 03:30:54 | ΐ§µε | 1143198 (x1)Έ¦ ΎΖΐΜΕΫ Έν·ΙΎξΈ¦ ΕλΗΨ Ύςΐ½.

2024-12-30 03:31:40 | ΐ§µε | 4319997 (x30000)Έ¦ ΎΖΐΜΕΫ Έν·ΙΎξΈ¦ ΕλΗΨ Ύςΐ½.

2024-12-30 03:31:52 | ΐ§µε | 4319999 (x30000)Έ¦ ΎΖΐΜΕΫ Έν·ΙΎξΈ¦ ΕλΗΨ Ύςΐ½.

2024-12-30 03:39:20 | ΐ§µε | 1009986 (x1)Έ¦ ΎΖΐΜΕΫ Έν·ΙΎξΈ¦ ΕλΗΨ Ύςΐ½.

2024-12-30 03:40:06 | ΐ§µε | 1005304 (x1)Έ¦ ΎΖΐΜΕΫ Έν·ΙΎξΈ¦ ΕλΗΨ Ύςΐ½.

2024-12-30 03:40:47 | ΐ§µε | 4319999 (x30000)Έ¦ ΎΖΐΜΕΫ Έν·ΙΎξΈ¦ ΕλΗΨ Ύςΐ½.

2024-12-30 03:40:48 | ΐ§µε | 4319999 (x30000)Έ¦ ΎΖΐΜΕΫ Έν·ΙΎξΈ¦ ΕλΗΨ Ύςΐ½.

2024-12-30 03:40:48 | ΐ§µε | 4319999 (x30000)Έ¦ ΎΖΐΜΕΫ Έν·ΙΎξΈ¦ ΕλΗΨ Ύςΐ½.

2024-12-30 03:42:31 | ΐ§µε | 1006427 (x1)Έ¦ ΎΖΐΜΕΫ Έν·ΙΎξΈ¦ ΕλΗΨ Ύςΐ½.

2024-12-30 03:43:34 | ΐ§µε | 1005198 (x1)Έ¦ ΎΖΐΜΕΫ Έν·ΙΎξΈ¦ ΕλΗΨ Ύςΐ½.

2024-12-30 03:44:16 | ΐ§µε | 1003799 (x1)Έ¦ ΎΖΐΜΕΫ Έν·ΙΎξΈ¦ ΕλΗΨ Ύςΐ½.

2024-12-30 03:45:34 | ΐ§µε | 1042987 (x1)Έ¦ ΎΖΐΜΕΫ Έν·ΙΎξΈ¦ ΕλΗΨ Ύςΐ½.

2024-12-30 03:46:08 | ΐ§µε | 1062987 (x1)Έ¦ ΎΖΐΜΕΫ Έν·ΙΎξΈ¦ ΕλΗΨ Ύςΐ½.

2024-12-30 03:47:27 | ΐ§µε | 4001716 (x10)Έ¦ ΎΖΐΜΕΫ Έν·ΙΎξΈ¦ ΕλΗΨ Ύςΐ½.

2024-12-30 03:52:48 | ΐ§µε | 4001716 (x900)Έ¦ ΎΖΐΜΕΫ Έν·ΙΎξΈ¦ ΕλΗΨ Ύςΐ½.

2024-12-30 06:31:57 | ΐ§µε | 2439614 (x1)Έ¦ ΎΖΐΜΕΫ Έν·ΙΎξΈ¦ ΕλΗΨ Ύςΐ½.

2024-12-31 12:19:11 | korea3 | 4009546 (x50)Έ¦ ΎΖΐΜΕΫ Έν·ΙΎξΈ¦ ΕλΗΨ Ύςΐ½.

2024-12-31 12:19:22 | korea3 | 2637338 (x50)Έ¦ ΎΖΐΜΕΫ Έν·ΙΎξΈ¦ ΕλΗΨ Ύςΐ½.

2024-12-31 12:19:34 | korea3 | 2636656 (x50)Έ¦ ΎΖΐΜΕΫ Έν·ΙΎξΈ¦ ΕλΗΨ Ύςΐ½.

2024-12-31 12:19:48 | korea3 | 4009547 (x1)Έ¦ ΎΖΐΜΕΫ Έν·ΙΎξΈ¦ ΕλΗΨ Ύςΐ½.

2024-12-31 12:19:51 | korea3 | 4009547 (x500)Έ¦ ΎΖΐΜΕΫ Έν·ΙΎξΈ¦ ΕλΗΨ Ύςΐ½.

2024-12-31 12:19:53 | korea3 | 4009547 (x5000)Έ¦ ΎΖΐΜΕΫ Έν·ΙΎξΈ¦ ΕλΗΨ Ύςΐ½.

2024-12-31 12:19:59 | korea3 | 2435719 (x500)Έ¦ ΎΖΐΜΕΫ Έν·ΙΎξΈ¦ ΕλΗΨ Ύςΐ½.

2024-12-31 12:23:07 | korea3 | 2439279 (x500)Έ¦ ΎΖΐΜΕΫ Έν·ΙΎξΈ¦ ΕλΗΨ Ύςΐ½.

2024-12-31 12:32:45 | korea3 | 2636421 (x1)λ¥Ό μ•„μ΄ν… λ…λ Ήμ–΄λ¥Ό ν†µν•΄ μ–»μ.

2024-12-31 12:32:59 | korea3 | 2636656 (x50)λ¥Ό μ•„μ΄ν… λ…λ Ήμ–΄λ¥Ό ν†µν•΄ μ–»μ.

2024-12-31 12:55:55 | korea3 | 2636656 (x50)λ¥Ό μ•„μ΄ν… λ…λ Ήμ–΄λ¥Ό ν†µν•΄ μ–»μ.

2024-12-31 01:19:23 | korea3 | 2636656 (x500)λ¥Ό μ•„μ΄ν… λ…λ Ήμ–΄λ¥Ό ν†µν•΄ μ–»μ.

2024-12-31 03:53:05 | ΐ§µε | 1143198 (x1)Έ¦ ΎΖΐΜΕΫ Έν·ΙΎξΈ¦ ΕλΗΨ Ύςΐ½.

2024-12-31 03:55:31 | ΐ§µε | 2439541 (x1)Έ¦ ΎΖΐΜΕΫ Έν·ΙΎξΈ¦ ΕλΗΨ Ύςΐ½.

2024-12-31 08:38:18 | ΐ§µε | 2702006 (x1)Έ¦ ΎΖΐΜΕΫ Έν·ΙΎξΈ¦ ΕλΗΨ Ύςΐ½.

2024-12-31 08:38:56 | ΐ§µε | 2702007 (x1)Έ¦ ΎΖΐΜΕΫ Έν·ΙΎξΈ¦ ΕλΗΨ Ύςΐ½.

2024-12-31 08:39:26 | ΐ§µε | 2702007 (x30000)Έ¦ ΎΖΐΜΕΫ Έν·ΙΎξΈ¦ ΕλΗΨ Ύςΐ½.

2024-12-31 08:43:39 | ΐ§µε | 5062800 (x1)Έ¦ ΎΖΐΜΕΫ Έν·ΙΎξΈ¦ ΕλΗΨ Ύςΐ½.

2024-12-31 08:44:24 | ΐ§µε | 5062800 (x30000)Έ¦ ΎΖΐΜΕΫ Έν·ΙΎξΈ¦ ΕλΗΨ Ύςΐ½.
